#
# A fatal error has been detected by the Java Runtime Environment:
#
#  Internal Error (safepoint.cpp:310), pid=7363, tid=0x00007f12dc122700
#  guarantee(PageArmed == 0) failed: invariant
#
# JRE version: OpenJDK Runtime Environment (8.0_162-b12) (build 1.8.0_162-8u162-b12-0ubuntu0.16.04.2-b12)
# Java VM: OpenJDK 64-Bit Server VM (25.162-b12 mixed mode linux-amd64 compressed oops)
# Failed to write core dump. Core dumps have been disabled. To enable core dumping, try "ulimit -c unlimited" before starting Java again
#
# If you would like to submit a bug report, please visit:
#   http://bugreport.java.com/bugreport/crash.jsp
#

---------------  T H R E A D  ---------------

Current thread (0x00007f12f0078000):  VMThread [stack: 0x00007f12dc022000,0x00007f12dc123000] [id=7372]

Stack: [0x00007f12dc022000,0x00007f12dc123000],  sp=0x00007f12dc121ae0,  free space=1022k
Native frames: (J=compiled Java code, j=interpreted, Vv=VM code, C=native code)
V  [libjvm.so+0xa6d16b]
V  [libjvm.so+0x4c683d]
V  [libjvm.so+0x95be7f]
V  [libjvm.so+0xa72b53]
V  [libjvm.so+0xa73051]
V  [libjvm.so+0x8b7222]

VM_Operation (0x00007f12a5798fc0): RevokeBias, mode: safepoint, requested by thread 0x00007f128801f800


---------------  P R O C E S S  ---------------

Java Threads: ( => current thread )
  0x00007f1288022800 JavaThread "build operations Thread 4" [_thread_blocked, id=5194, stack(0x00007f12a579b000,0x00007f12a589c000)]
  0x00007f1288021000 JavaThread "build operations Thread 3" [_thread_blocked, id=5193, stack(0x00007f12a589c000,0x00007f12a599d000)]
  0x00007f1288020000 JavaThread "build operations Thread 2" [_thread_blocked, id=5192, stack(0x00007f12a599d000,0x00007f12a5a9e000)]
  0x00007f128801f800 JavaThread "build operations" [_thread_blocked, id=5191, stack(0x00007f12a569a000,0x00007f12a579b000)]
  0x00007f128801e800 JavaThread "Cache worker for Artifact transforms cache (/home/vagrant/.gradle/caches/transforms-1)" [_thread_blocked, id=5190, stack(0x00007f12a5a9e000,0x00007f12a5b9f000)]
  0x00007f1288027000 JavaThread "Cache worker for file hash cache (/home/vagrant/openwhisk/.gradle/4.1/fileHashes)" [_thread_blocked, id=5188, stack(0x00007f12a66b1000,0x00007f12a67b2000)]
  0x00007f1288025000 JavaThread "Stdin handler" [_thread_blocked, id=5186, stack(0x00007f12a6db4000,0x00007f12a6eb5000)]
  0x00007f1288002000 JavaThread "Asynchronous log dispatcher for DefaultDaemonConnection: socket connection from /0:0:0:0:0:0:0:1:39212 to /0:0:0:0:0:0:0:1:43672" [_thread_blocked, id=5185, stack(0x00007f12a6eb5000,0x00007f12a6fb6000)]
  0x00007f1298010000 JavaThread "Daemon worker Thread 12" [_thread_blocked, id=5184, stack(0x00007f12a71b8000,0x00007f12a72b9000)]
  0x00007f1298004000 JavaThread "Cancel handler" [_thread_blocked, id=5183, stack(0x00007f12a6fb6000,0x00007f12a70b7000)]
  0x00007f1298005800 JavaThread "Handler for socket connection from /0:0:0:0:0:0:0:1:39212 to /0:0:0:0:0:0:0:1:43672" [_thread_in_native, id=5182, stack(0x00007f12a70b7000,0x00007f12a71b8000)]
  0x00007f129c043000 JavaThread "Daemon Thread 12" [_thread_blocked, id=5181, stack(0x00007f12a72b9000,0x00007f12a73ba000)]
  0x00007f1284783000 JavaThread "Memory manager" [_thread_blocked, id=7402, stack(0x00007f12a4fef000,0x00007f12a50f0000)]
  0x00007f1284115800 JavaThread "File lock request listener" [_thread_in_native, id=7393, stack(0x00007f12a69b2000,0x00007f12a6ab3000)]
  0x00007f1284113000 JavaThread "Cache worker for file hash cache (/home/vagrant/.gradle/caches/4.1/fileHashes)" [_thread_blocked, id=7392, stack(0x00007f12a6ab3000,0x00007f12a6bb4000)]
  0x00007f12f0cf0800 JavaThread "Daemon periodic checks" [_thread_blocked, id=7383, stack(0x00007f12a73ba000,0x00007f12a74bb000)]
  0x00007f12f0cc5800 JavaThread "Incoming local TCP Connector on port 39212" [_thread_in_native, id=7382, stack(0x00007f12a74bb000,0x00007f12a75bc000)]
  0x00007f12f00d2800 JavaThread "Service Thread" daemon [_thread_blocked, id=7379, stack(0x00007f12cf761000,0x00007f12cf862000)]
  0x00007f12f00b3000 JavaThread "C1 CompilerThread2" daemon [_thread_blocked, id=7378, stack(0x00007f12cf862000,0x00007f12cf963000)]
  0x00007f12f00b1000 JavaThread "C2 CompilerThread1" daemon [_thread_blocked, id=7377, stack(0x00007f12cf963000,0x00007f12cfa64000)]
  0x00007f12f00ae000 JavaThread "C2 CompilerThread0" daemon [_thread_blocked, id=7376, stack(0x00007f12cfa64000,0x00007f12cfb65000)]
  0x00007f12f00ac000 JavaThread "Signal Dispatcher" daemon [_thread_blocked, id=7375, stack(0x00007f12cfb65000,0x00007f12cfc66000)]
  0x00007f12f0084800 JavaThread "Finalizer" daemon [_thread_blocked, id=7374, stack(0x00007f12cfdfe000,0x00007f12cfeff000)]
  0x00007f12f0080000 JavaThread "Reference Handler" daemon [_thread_blocked, id=7373, stack(0x00007f12cfeff000,0x00007f12d0000000)]
  0x00007f12f000a800 JavaThread "main" [_thread_blocked, id=7365, stack(0x00007f12f6de4000,0x00007f12f6ee5000)]

Other Threads:
=>0x00007f12f0078000 VMThread [stack: 0x00007f12dc022000,0x00007f12dc123000] [id=7372]
  0x00007f12f00d5000 WatcherThread [stack: 0x00007f12cf660000,0x00007f12cf761000] [id=7380]

VM state:synchronizing (normal execution)

VM Mutex/Monitor currently owned by a thread:  ([mutex/lock_event])
[0x00007f12f0007020] Safepoint_lock - owner thread: 0x00007f12f0078000
[0x00007f12f00070a0] Threads_lock - owner thread: 0x00007f12f0078000

Heap:
 PSYoungGen      total 122368K, used 83547K [0x00000000eab00000, 0x00000000f4c00000, 0x0000000100000000)
  eden space 110080K, 64% used [0x00000000eab00000,0x00000000ef09eda0,0x00000000f1680000)
  from space 12288K, 99% used [0x00000000f4000000,0x00000000f4bf8050,0x00000000f4c00000)
  to   space 20992K, 0% used [0x00000000f2300000,0x00000000f2300000,0x00000000f3780000)
 ParOldGen       total 57344K, used 48209K [0x00000000c0000000, 0x00000000c3800000, 0x00000000eab00000)
  object space 57344K, 84% used [0x00000000c0000000,0x00000000c2f145f0,0x00000000c3800000)
 Metaspace       used 44985K, capacity 47416K, committed 47616K, reserved 1089536K
  class space    used 6018K, capacity 6645K, committed 6656K, reserved 1048576K

Card table byte_map: [0x00007f12e01ff000,0x00007f12e0400000] byte_map_base: 0x00007f12dfbff000

Marking Bits: (ParMarkBitMap*) 0x00007f12f609c300
 Begin Bits: [0x00007f12ddca5000, 0x00007f12deca5000)
 End Bits:   [0x00007f12deca5000, 0x00007f12dfca5000)

Polling page: 0x00007f12f6ef0000

CodeCache: size=245760Kb used=35861Kb max_used=35896Kb free=209898Kb
 bounds [0x00007f12e07c0000, 0x00007f12e2b10000, 0x00007f12ef7c0000]
 total_blobs=11166 nmethods=10458 adapters=621
 compilation: enabled

Compilation events (10 events):
Event: 17852.236 Thread 0x00007f12f00b3000 nmethod 12848 0x00007f12e17d3810 code [0x00007f12e17d3960, 0x00007f12e17d3a50]
Event: 17852.281 Thread 0x00007f12f00b3000 12849       3       java.lang.ThreadLocal$ThreadLocalMap::expungeStaleEntries (46 bytes)
Event: 17852.281 Thread 0x00007f12f00b3000 nmethod 12849 0x00007f12e0e6a090 code [0x00007f12e0e6a220, 0x00007f12e0e6a5a8]
Event: 17852.306 Thread 0x00007f12f00b3000 12850       3       org.gradle.model.internal.registry.ModelGraph::addParentListener (77 bytes)
Event: 17852.307 Thread 0x00007f12f00b3000 nmethod 12850 0x00007f12e23f6ed0 code [0x00007f12e23f7100, 0x00007f12e23f7d58]
Event: 17852.378 Thread 0x00007f12f00b1000 12851       4       org.gradle.model.internal.registry.RuleBindings$ScopeIndex::addReference (127 bytes)
Event: 17852.390 Thread 0x00007f12f00ae000 12852       4       org.gradle.model.internal.core.ModelReference::inScope (44 bytes)
Event: 17852.393 Thread 0x00007f12f00ae000 nmethod 12852 0x00007f12e2b06290 code [0x00007f12e2b06400, 0x00007f12e2b065d8]
Event: 17852.406 Thread 0x00007f12f00ae000 12853       4       java.util.concurrent.CopyOnWriteArraySet::add (9 bytes)
Event: 17852.425 Thread 0x00007f12f00ae000 nmethod 12853 0x00007f12e0c4d490 code [0x00007f12e0c4d6c0, 0x00007f12e0c4e270]

GC Heap History (10 events):
Event: 14135.004 GC heap before
{Heap before GC invocations=22 (full 2):
 PSYoungGen      total 145408K, used 145168K [0x00000000eab00000, 0x00000000f5a00000, 0x0000000100000000)
  eden space 133632K, 100% used [0x00000000eab00000,0x00000000f2d80000,0x00000000f2d80000)
  from space 11776K, 97% used [0x00000000f4900000,0x00000000f5444070,0x00000000f5480000)
  to   space 5632K, 0% used [0x00000000f5480000,0x00000000f5480000,0x00000000f5a00000)
 ParOldGen       total 57344K, used 37465K [0x00000000c0000000, 0x00000000c3800000, 0x00000000eab00000)
  object space 57344K, 65% used [0x00000000c0000000,0x00000000c2496608,0x00000000c3800000)
 Metaspace       used 44128K, capacity 46354K, committed 46592K, reserved 1089536K
  class space    used 5985K, capacity 6584K, committed 6656K, reserved 1048576K
Event: 14135.033 GC heap after
Heap after GC invocations=22 (full 2):
 PSYoungGen      total 134144K, used 5616K [0x00000000eab00000, 0x00000000f5a00000, 0x0000000100000000)
  eden space 128512K, 0% used [0x00000000eab00000,0x00000000eab00000,0x00000000f2880000)
  from space 5632K, 99% used [0x00000000f5480000,0x00000000f59fc050,0x00000000f5a00000)
  to   space 14336K, 0% used [0x00000000f3e00000,0x00000000f3e00000,0x00000000f4c00000)
 ParOldGen       total 57344K, used 38385K [0x00000000c0000000, 0x00000000c3800000, 0x00000000eab00000)
  object space 57344K, 66% used [0x00000000c0000000,0x00000000c257c7d0,0x00000000c3800000)
 Metaspace       used 44128K, capacity 46354K, committed 46592K, reserved 1089536K
  class space    used 5985K, capacity 6584K, committed 6656K, reserved 1048576K
}
Event: 14635.614 GC heap before
{Heap before GC invocations=23 (full 2):
 PSYoungGen      total 134144K, used 134128K [0x00000000eab00000, 0x00000000f5a00000, 0x0000000100000000)
  eden space 128512K, 100% used [0x00000000eab00000,0x00000000f2880000,0x00000000f2880000)
  from space 5632K, 99% used [0x00000000f5480000,0x00000000f59fc050,0x00000000f5a00000)
  to   space 14336K, 0% used [0x00000000f3e00000,0x00000000f3e00000,0x00000000f4c00000)
 ParOldGen       total 57344K, used 38385K [0x00000000c0000000, 0x00000000c3800000, 0x00000000eab00000)
  object space 57344K, 66% used [0x00000000c0000000,0x00000000c257c7d0,0x00000000c3800000)
 Metaspace       used 44414K, capacity 46800K, committed 46848K, reserved 1089536K
  class space    used 6007K, capacity 6625K, committed 6656K, reserved 1048576K
Event: 14635.642 GC heap after
Heap after GC invocations=23 (full 2):
 PSYoungGen      total 137216K, used 13584K [0x00000000eab00000, 0x00000000f5500000, 0x0000000100000000)
  eden space 123392K, 0% used [0x00000000eab00000,0x00000000eab00000,0x00000000f2380000)
  from space 13824K, 98% used [0x00000000f3e00000,0x00000000f4b44070,0x00000000f4b80000)
  to   space 9728K, 0% used [0x00000000f4b80000,0x00000000f4b80000,0x00000000f5500000)
 ParOldGen       total 57344K, used 38577K [0x00000000c0000000, 0x00000000c3800000, 0x00000000eab00000)
  object space 57344K, 67% used [0x00000000c0000000,0x00000000c25ac7d0,0x00000000c3800000)
 Metaspace       used 44414K, capacity 46800K, committed 46848K, reserved 1089536K
  class space    used 6007K, capacity 6625K, committed 6656K, reserved 1048576K
}
Event: 14966.736 GC heap before
{Heap before GC invocations=24 (full 2):
 PSYoungGen      total 137216K, used 136976K [0x00000000eab00000, 0x00000000f5500000, 0x0000000100000000)
  eden space 123392K, 100% used [0x00000000eab00000,0x00000000f2380000,0x00000000f2380000)
  from space 13824K, 98% used [0x00000000f3e00000,0x00000000f4b44070,0x00000000f4b80000)
  to   space 9728K, 0% used [0x00000000f4b80000,0x00000000f4b80000,0x00000000f5500000)
 ParOldGen       total 57344K, used 38577K [0x00000000c0000000, 0x00000000c3800000, 0x00000000eab00000)
  object space 57344K, 67% used [0x00000000c0000000,0x00000000c25ac7d0,0x00000000c3800000)
 Metaspace       used 44635K, capacity 47100K, committed 47360K, reserved 1089536K
  class space    used 6011K, capacity 6633K, committed 6656K, reserved 1048576K
Event: 14966.756 GC heap after
Heap after GC invocations=24 (full 2):
 PSYoungGen      total 128512K, used 9696K [0x00000000eab00000, 0x00000000f5500000, 0x0000000100000000)
  eden space 118784K, 0% used [0x00000000eab00000,0x00000000eab00000,0x00000000f1f00000)
  from space 9728K, 99% used [0x00000000f4b80000,0x00000000f54f8050,0x00000000f5500000)
  to   space 18432K, 0% used [0x00000000f3100000,0x00000000f3100000,0x00000000f4300000)
 ParOldGen       total 57344K, used 44313K [0x00000000c0000000, 0x00000000c3800000, 0x00000000eab00000)
  object space 57344K, 77% used [0x00000000c0000000,0x00000000c2b466d0,0x00000000c3800000)
 Metaspace       used 44635K, capacity 47100K, committed 47360K, reserved 1089536K
  class space    used 6011K, capacity 6633K, committed 6656K, reserved 1048576K
}
Event: 15181.817 GC heap before
{Heap before GC invocations=25 (full 2):
 PSYoungGen      total 128512K, used 128480K [0x00000000eab00000, 0x00000000f5500000, 0x0000000100000000)
  eden space 118784K, 100% used [0x00000000eab00000,0x00000000f1f00000,0x00000000f1f00000)
  from space 9728K, 99% used [0x00000000f4b80000,0x00000000f54f8050,0x00000000f5500000)
  to   space 18432K, 0% used [0x00000000f3100000,0x00000000f3100000,0x00000000f4300000)
 ParOldGen       total 57344K, used 44313K [0x00000000c0000000, 0x00000000c3800000, 0x00000000eab00000)
  object space 57344K, 77% used [0x00000000c0000000,0x00000000c2b466d0,0x00000000c3800000)
 Metaspace       used 44853K, capacity 47204K, committed 47360K, reserved 1089536K
  class space    used 6014K, capacity 6641K, committed 6656K, reserved 1048576K
Event: 15181.849 GC heap after
Heap after GC invocations=25 (full 2):
 PSYoungGen      total 129536K, used 15232K [0x00000000eab00000, 0x00000000f4c00000, 0x0000000100000000)
  eden space 114176K, 0% used [0x00000000eab00000,0x00000000eab00000,0x00000000f1a80000)
  from space 15360K, 99% used [0x00000000f3100000,0x00000000f3fe0080,0x00000000f4000000)
  to   space 12288K, 0% used [0x00000000f4000000,0x00000000f4000000,0x00000000f4c00000)
 ParOldGen       total 57344K, used 44865K [0x00000000c0000000, 0x00000000c3800000, 0x00000000eab00000)
  object space 57344K, 78% used [0x00000000c0000000,0x00000000c2bd0700,0x00000000c3800000)
 Metaspace       used 44853K, capacity 47204K, committed 47360K, reserved 1089536K
  class space    used 6014K, capacity 6641K, committed 6656K, reserved 1048576K
}
Event: 17087.763 GC heap before
{Heap before GC invocations=26 (full 2):
 PSYoungGen      total 129536K, used 129408K [0x00000000eab00000, 0x00000000f4c00000, 0x0000000100000000)
  eden space 114176K, 100% used [0x00000000eab00000,0x00000000f1a80000,0x00000000f1a80000)
  from space 15360K, 99% used [0x00000000f3100000,0x00000000f3fe0080,0x00000000f4000000)
  to   space 12288K, 0% used [0x00000000f4000000,0x00000000f4000000,0x00000000f4c00000)
 ParOldGen       total 57344K, used 44865K [0x00000000c0000000, 0x00000000c3800000, 0x00000000eab00000)
  object space 57344K, 78% used [0x00000000c0000000,0x00000000c2bd0700,0x00000000c3800000)
 Metaspace       used 44940K, capacity 47352K, committed 47616K, reserved 1089536K
  class space    used 6017K, capacity 6645K, committed 6656K, reserved 1048576K
Event: 17087.810 GC heap after
Heap after GC invocations=26 (full 2):
 PSYoungGen      total 122368K, used 12256K [0x00000000eab00000, 0x00000000f4c00000, 0x0000000100000000)
  eden space 110080K, 0% used [0x00000000eab00000,0x00000000eab00000,0x00000000f1680000)
  from space 12288K, 99% used [0x00000000f4000000,0x00000000f4bf8050,0x00000000f4c00000)
  to   space 20992K, 0% used [0x00000000f2300000,0x00000000f2300000,0x00000000f3780000)
 ParOldGen       total 57344K, used 48209K [0x00000000c0000000, 0x00000000c3800000, 0x00000000eab00000)
  object space 57344K, 84% used [0x00000000c0000000,0x00000000c2f145f0,0x00000000c3800000)
 Metaspace       used 44940K, capacity 47352K, committed 47616K, reserved 1089536K
  class space    used 6017K, capacity 6645K, committed 6656K, reserved 1048576K
}

Deoptimization events (10 events):
Event: 14134.351 Thread 0x00007f1298005800 Uncommon trap: reason=class_check action=maybe_recompile pc=0x00007f12e21c95d8 method=java.lang.reflect.Array.newInstance(Ljava/lang/Class;I)Ljava/lang/Object; @ 2
Event: 14135.047 Thread 0x00007f1298010000 Uncommon trap: reason=null_check action=make_not_entrant pc=0x00007f12e15937f4 method=java.lang.ThreadLocal$ThreadLocalMap.getEntryAfterMiss(Ljava/lang/ThreadLocal;ILjava/lang/ThreadLocal$ThreadLocalMap$Entry;)Ljava/lang/ThreadLocal$ThreadLocalMap$Entry; 
Event: 14168.360 Thread 0x00007f1298010000 Uncommon trap: reason=bimorphic action=maybe_recompile pc=0x00007f12e1c5785c method=org.gradle.internal.logging.text.AbstractStyledTextOutput.text(Ljava/lang/Object;)Lorg/gradle/internal/logging/text/StyledTextOutput; @ 11
Event: 14635.539 Thread 0x00007f1298010000 Uncommon trap: reason=bimorphic action=maybe_recompile pc=0x00007f12e1c5785c method=org.gradle.internal.logging.text.AbstractStyledTextOutput.text(Ljava/lang/Object;)Lorg/gradle/internal/logging/text/StyledTextOutput; @ 11
Event: 14928.668 Thread 0x00007f1280014000 Uncommon trap: reason=unstable_if action=reinterpret pc=0x00007f12e1d10268 method=java.util.concurrent.locks.ReentrantLock$Sync.nonfairTryAcquire(I)Z @ 19
Event: 15108.113 Thread 0x00007f1298010000 Uncommon trap: reason=class_check action=maybe_recompile pc=0x00007f12e1921054 method=java.util.Collections$UnmodifiableMap$UnmodifiableEntrySet$UnmodifiableEntry.<init>(Ljava/util/Map$Entry;)V @ 9
Event: 15108.113 Thread 0x00007f1298010000 Uncommon trap: reason=class_check action=maybe_recompile pc=0x00007f12e1921054 method=java.util.Collections$UnmodifiableMap$UnmodifiableEntrySet$UnmodifiableEntry.<init>(Ljava/util/Map$Entry;)V @ 9
Event: 15108.113 Thread 0x00007f1298010000 Uncommon trap: reason=class_check action=maybe_recompile pc=0x00007f12e1921054 method=java.util.Collections$UnmodifiableMap$UnmodifiableEntrySet$UnmodifiableEntry.<init>(Ljava/util/Map$Entry;)V @ 9
Event: 15108.113 Thread 0x00007f1298010000 Uncommon trap: reason=class_check action=maybe_recompile pc=0x00007f12e1921054 method=java.util.Collections$UnmodifiableMap$UnmodifiableEntrySet$UnmodifiableEntry.<init>(Ljava/util/Map$Entry;)V @ 9
Event: 15225.849 Thread 0x00007f1298010000 Uncommon trap: reason=class_check action=maybe_recompile pc=0x00007f12e0e6a2ec method=org.gradle.api.tasks.util.internal.CachingPatternSpecFactory$CachingSpec.isSatisfiedBy(Ljava/lang/Object;)Z @ 2

Classes redefined (0 events):
No events

Internal exceptions (10 events):
Event: 17791.900 Thread 0x00007f1284783000 Exception <a 'java/io/IOException'> (0x00000000eea3d700) thrown at [/build/openjdk-8-OdO8jS/openjdk-8-8u162-b12/src/hotspot/src/share/vm/prims/jni.cpp, line 709]
Event: 17796.900 Thread 0x00007f1284783000 Exception <a 'java/io/IOException'> (0x00000000eea68430) thrown at [/build/openjdk-8-OdO8jS/openjdk-8-8u162-b12/src/hotspot/src/share/vm/prims/jni.cpp, line 709]
Event: 17801.900 Thread 0x00007f1284783000 Exception <a 'java/io/IOException'> (0x00000000eea71fc0) thrown at [/build/openjdk-8-OdO8jS/openjdk-8-8u162-b12/src/hotspot/src/share/vm/prims/jni.cpp, line 709]
Event: 17806.900 Thread 0x00007f1284783000 Exception <a 'java/io/IOException'> (0x00000000eea7bb50) thrown at [/build/openjdk-8-OdO8jS/openjdk-8-8u162-b12/src/hotspot/src/share/vm/prims/jni.cpp, line 709]
Event: 17811.900 Thread 0x00007f1284783000 Exception <a 'java/io/IOException'> (0x00000000eea856e0) thrown at [/build/openjdk-8-OdO8jS/openjdk-8-8u162-b12/src/hotspot/src/share/vm/prims/jni.cpp, line 709]
Event: 17816.900 Thread 0x00007f1284783000 Exception <a 'java/io/IOException'> (0x00000000eeab2408) thrown at [/build/openjdk-8-OdO8jS/openjdk-8-8u162-b12/src/hotspot/src/share/vm/prims/jni.cpp, line 709]
Event: 17821.900 Thread 0x00007f1284783000 Exception <a 'java/io/IOException'> (0x00000000eeabbf98) thrown at [/build/openjdk-8-OdO8jS/openjdk-8-8u162-b12/src/hotspot/src/share/vm/prims/jni.cpp, line 709]
Event: 17826.900 Thread 0x00007f1284783000 Exception <a 'java/io/IOException'> (0x00000000eeac5b28) thrown at [/build/openjdk-8-OdO8jS/openjdk-8-8u162-b12/src/hotspot/src/share/vm/prims/jni.cpp, line 709]
Event: 17831.900 Thread 0x00007f1284783000 Exception <a 'java/io/IOException'> (0x00000000eeacf6b8) thrown at [/build/openjdk-8-OdO8jS/openjdk-8-8u162-b12/src/hotspot/src/share/vm/prims/jni.cpp, line 709]
Event: 17836.900 Thread 0x00007f1284783000 Exception <a 'java/io/IOException'> (0x00000000eeb1d688) thrown at [/build/openjdk-8-OdO8jS/openjdk-8-8u162-b12/src/hotspot/src/share/vm/prims/jni.cpp, line 709]

Events (10 events):
Event: 17852.235 Thread 0x00007f1298010000 Thread added: 0x00007f1298010000
Event: 17852.253 Thread 0x00007f1288002000 Thread added: 0x00007f1288002000
Event: 17852.266 Thread 0x00007f1288025000 Thread added: 0x00007f1288025000
Event: 17852.274 Thread 0x00007f1288027000 Thread added: 0x00007f1288027000
Event: 17852.425 Thread 0x00007f128801e800 Thread added: 0x00007f128801e800
Event: 17852.437 Thread 0x00007f128801f800 Thread added: 0x00007f128801f800
Event: 17852.437 Thread 0x00007f1288020000 Thread added: 0x00007f1288020000
Event: 17852.437 Thread 0x00007f1288021000 Thread added: 0x00007f1288021000
Event: 17852.437 Thread 0x00007f1288022800 Thread added: 0x00007f1288022800
Event: 17852.438 Executing VM operation: RevokeBias


Dynamic libraries:
00400000-00401000 r-xp 00000000 08:01 260700                             /usr/lib/jvm/java-8-openjdk-amd64/jre/bin/java
00600000-00601000 r--p 00000000 08:01 260700                             /usr/lib/jvm/java-8-openjdk-amd64/jre/bin/java
00601000-00602000 rw-p 00001000 08:01 260700                             /usr/lib/jvm/java-8-openjdk-amd64/jre/bin/java
01698000-016b9000 rw-p 00000000 00:00 0                                  [heap]
c0000000-c3800000 rw-p 00000000 00:00 0 
c3800000-eab00000 ---p 00000000 00:00 0 
eab00000-f4c00000 rw-p 00000000 00:00 0 
f4c00000-100000000 ---p 00000000 00:00 0 
100000000-100680000 rw-p 00000000 00:00 0 
100680000-140000000 ---p 00000000 00:00 0 
7f125b0f7000-7f125b2f7000 rw-p 00000000 00:00 0 
7f125b2f7000-7f125b4f7000 rw-p 00000000 00:00 0 
7f125b4f7000-7f125b4fa000 ---p 00000000 00:00 0 
7f125b4fa000-7f125b5f8000 rw-p 00000000 00:00 0 
7f125b5f8000-7f125b5fb000 ---p 00000000 00:00 0 
7f125b5fb000-7f125b6f9000 rw-p 00000000 00:00 0 
7f125b6f9000-7f125b6fc000 ---p 00000000 00:00 0 
7f125b6fc000-7f125b7fa000 rw-p 00000000 00:00 0 
7f125b7fa000-7f125b7fd000 ---p 00000000 00:00 0 
7f125b7fd000-7f125b8fb000 rw-p 00000000 00:00 0 
7f125b8fb000-7f125b8fe000 ---p 00000000 00:00 0 
7f125b8fe000-7f125b9fc000 rw-p 00000000 00:00 0 
7f125b9fc000-7f125b9ff000 ---p 00000000 00:00 0 
7f125b9ff000-7f125bafd000 rw-p 00000000 00:00 0 
7f125bafd000-7f125bb00000 ---p 00000000 00:00 0 
7f125bb00000-7f125bbfe000 rw-p 00000000 00:00 0 
7f125bbfe000-7f125bc01000 ---p 00000000 00:00 0 
7f125bc01000-7f125bcff000 rw-p 00000000 00:00 0 
7f125bcff000-7f125bd02000 ---p 00000000 00:00 0 
7f125bd02000-7f125c000000 rw-p 00000000 00:00 0 
7f125c000000-7f125c046000 rw-p 00000000 00:00 0 
7f125c046000-7f1260000000 ---p 00000000 00:00 0 
7f1260000000-7f1260123000 rw-p 00000000 00:00 0 
7f1260123000-7f1264000000 ---p 00000000 00:00 0 
7f1264000000-7f12641a5000 rw-p 00000000 00:00 0 
7f12641a5000-7f1268000000 ---p 00000000 00:00 0 
7f1268000000-7f12680a5000 rw-p 00000000 00:00 0 
7f12680a5000-7f126c000000 ---p 00000000 00:00 0 
7f126c000000-7f126c021000 rw-p 00000000 00:00 0 
7f126c021000-7f1270000000 ---p 00000000 00:00 0 
7f1270000000-7f12700f9000 rw-p 00000000 00:00 0 
7f12700f9000-7f1274000000 ---p 00000000 00:00 0 
7f1274000000-7f127403a000 rw-p 00000000 00:00 0 
7f127403a000-7f1278000000 ---p 00000000 00:00 0 
7f1278000000-7f1278021000 rw-p 00000000 00:00 0 
7f1278021000-7f127c000000 ---p 00000000 00:00 0 
7f127c000000-7f127c05d000 rw-p 00000000 00:00 0 
7f127c05d000-7f1280000000 ---p 00000000 00:00 0 
7f1280000000-7f1280041000 rw-p 00000000 00:00 0 
7f1280041000-7f1284000000 ---p 00000000 00:00 0 
7f1284000000-7f12851b7000 rw-p 00000000 00:00 0 
7f12851b7000-7f1288000000 ---p 00000000 00:00 0 
7f1288000000-7f1288049000 rw-p 00000000 00:00 0 
7f1288049000-7f128c000000 ---p 00000000 00:00 0 
7f128c000000-7f128c1ab000 rw-p 00000000 00:00 0 
7f128c1ab000-7f1290000000 ---p 00000000 00:00 0 
7f1290000000-7f12901ab000 rw-p 00000000 00:00 0 
7f12901ab000-7f1294000000 ---p 00000000 00:00 0 
7f1294000000-7f1294073000 rw-p 00000000 00:00 0 
7f1294073000-7f1298000000 ---p 00000000 00:00 0 
7f1298000000-7f1298059000 rw-p 00000000 00:00 0 
7f1298059000-7f129c000000 ---p 00000000 00:00 0 
7f129c000000-7f129c232000 rw-p 00000000 00:00 0 
7f129c232000-7f12a0000000 ---p 00000000 00:00 0 
7f12a0000000-7f12a0084000 rw-p 00000000 00:00 0 
7f12a0084000-7f12a4000000 ---p 00000000 00:00 0 
7f12a4039000-7f12a403c000 ---p 00000000 00:00 0 
7f12a403c000-7f12a4072000 rw-p 00000000 00:00 0 
7f12a4072000-7f12a4075000 ---p 00000000 00:00 0 
7f12a4075000-7f12a4173000 rw-p 00000000 00:00 0 
7f12a4173000-7f12a4176000 ---p 00000000 00:00 0 
7f12a4176000-7f12a41ac000 rw-p 00000000 00:00 0 
7f12a41ac000-7f12a41af000 ---p 00000000 00:00 0 
7f12a41af000-7f12a42ad000 rw-p 00000000 00:00 0 
7f12a42ad000-7f12a42b0000 ---p 00000000 00:00 0 
7f12a42b0000-7f12a43ae000 rw-p 00000000 00:00 0 
7f12a43ae000-7f12a43b1000 ---p 00000000 00:00 0 
7f12a43b1000-7f12a44af000 rw-p 00000000 00:00 0 
7f12a44af000-7f12a44b2000 ---p 00000000 00:00 0 
7f12a44b2000-7f12a44e8000 rw-p 00000000 00:00 0 
7f12a44e8000-7f12a44eb000 ---p 00000000 00:00 0 
7f12a44eb000-7f12a45e9000 rw-p 00000000 00:00 0 
7f12a45e9000-7f12a45ec000 ---p 00000000 00:00 0 
7f12a45ec000-7f12a46ea000 rw-p 00000000 00:00 0 
7f12a46ea000-7f12a46ed000 ---p 00000000 00:00 0 
7f12a46ed000-7f12a47eb000 rw-p 00000000 00:00 0 
7f12a47eb000-7f12a47ee000 ---p 00000000 00:00 0 
7f12a47ee000-7f12a48ec000 rw-p 00000000 00:00 0 
7f12a48ec000-7f12a48ef000 ---p 00000000 00:00 0 
7f12a48ef000-7f12a4bed000 rw-p 00000000 00:00 0 
7f12a4bed000-7f12a4bef000 r--s 0000a000 08:01 67827                      /home/vagrant/.gradle/caches/modules-2/files-2.1/gradle.plugin.com.github.lkishalmi.gatling/gradle-gatling-plugin/0.7.2/c6885fe117b21664950dd8f912f5a49dc0c22bfb/gradle-gatling-plugin-0.7.2.jar
7f12a4bef000-7f12a4def000 rw-p 00000000 00:00 0 
7f12a4def000-7f12a4fef000 rw-p 00000000 00:00 0 
7f12a4fef000-7f12a4ff2000 ---p 00000000 00:00 0 
7f12a4ff2000-7f12a52f0000 rw-p 00000000 00:00 0 
7f12a52f0000-7f12a52ff000 r--s 0013a000 08:01 67825                      /home/vagrant/.gradle/caches/modules-2/files-2.1/com.google.protobuf/protobuf-java/3.2.0/62ccf171a106ff6791507f2d5364c275f9a3131d/protobuf-java-3.2.0.jar
7f12a52ff000-7f12a5303000 r--s 00032000 08:01 67824                      /home/vagrant/.gradle/caches/modules-2/files-2.1/com.typesafe/config/1.2.1/f771f71fdae3df231bcd54d5ca2d57f0bf93f467/config-1.2.1.jar
7f12a5303000-7f12a533a000 r--s 004d2000 08:01 67823                      /home/vagrant/.gradle/caches/modules-2/files-2.1/org.scala-lang/scala-library/2.12.2/fe9780170207ebdabd4ac5bb335c82bd0aead480/scala-library-2.12.2.jar
7f12a533a000-7f12a533b000 r--s 00007000 08:01 67822                      /home/vagrant/.gradle/caches/modules-2/files-2.1/com.trueaccord.lenses/lenses_2.12/0.4.10/23ab35551c2c527c785228336bf552052470c871/lenses_2.12-0.4.10.jar
7f12a533b000-7f12a533c000 r--s 00003000 08:01 67821                      /home/vagrant/.gradle/caches/modules-2/files-2.1/org.scalameta/io_2.12/1.7.0/c7a692840a0443cf25b3cdec0b18634163a8c3d7/io_2.12-1.7.0.jar
7f12a533c000-7f12a533e000 r--s 00019000 08:01 67820                      /home/vagrant/.gradle/caches/modules-2/files-2.1/com.lihaoyi/sourcecode_2.12/0.1.3/37504e0fab14f28cff977250e891a25c8bd6a762/sourcecode_2.12-0.1.3.jar
7f12a533e000-7f12a5340000 r--s 0000e000 08:01 67819                      /home/vagrant/.gradle/caches/modules-2/files-2.1/com.lihaoyi/fastparse-utils_2.12/0.4.2/bb0d90c37e54e124dcb79440d33e3b32553463f6/fastparse-utils_2.12-0.4.2.jar
7f12a5340000-7f12a5344000 r--s 00047000 08:01 67818                      /home/vagrant/.gradle/caches/modules-2/files-2.1/com.lihaoyi/fastparse_2.12/0.4.2/25d704ea5543084e3ec2676f22dbd39154a4324c/fastparse_2.12-0.4.2.jar
7f12a5344000-7f12a5351000 r--s 001a4000 08:01 67817                      /home/vagrant/.gradle/caches/modules-2/files-2.1/com.trueaccord.scalapb/scalapb-runtime_2.12/0.6.0-pre2/7c56b35a062c956b6ead368444dafb815f5d43f3/scalapb-runtime_2.12-0.6.0-pre2.jar
7f12a5351000-7f12a5352000 r--s 00017000 08:01 67816                      /home/vagrant/.gradle/caches/modules-2/files-2.1/com.lihaoyi/scalaparse_2.12/0.4.2/80e70822eff9a0174e8f6621a7517f8153066073/scalaparse_2.12-0.4.2.jar
7f12a5352000-7f12a535c000 r--s 000bc000 08:01 67815                      /home/vagrant/.gradle/caches/modules-2/files-2.1/org.scalameta/common_2.12/1.7.0/9d7ba225b6345974a98306178c7e030adb109f5d/common_2.12-1.7.0.jar
7f12a535c000-7f12a535e000 r--s 00010000 08:01 67814                      /home/vagrant/.gradle/caches/modules-2/files-2.1/org.scalameta/inputs_2.12/1.7.0/c20a4a94841d53dd53c4eb1839f6826758291702/inputs_2.12-1.7.0.jar
7f12a535e000-7f12a5365000 r--s 00075000 08:01 67811                      /home/vagrant/.gradle/caches/modules-2/files-2.1/org.scalameta/tokens_2.12/1.7.0/d4d906c124404d551a8cf4cb5dfb8a00a3f11fa8/tokens_2.12-1.7.0.jar
7f12a5365000-7f12a5368000 r--s 00016000 08:01 67810                      /home/vagrant/.gradle/caches/modules-2/files-2.1/org.scalameta/tokenizers_2.12/1.7.0/b718fef10a9453722827042b4afb894b69f81a1/tokenizers_2.12-1.7.0.jar
7f12a5368000-7f12a5388000 r--s 00293000 08:01 67809                      /home/vagrant/.gradle/caches/modules-2/files-2.1/org.scalameta/trees_2.12/1.7.0/b3941b0398c1ca4073de73df96ee400590ee3e4a/trees_2.12-1.7.0.jar
7f12a5388000-7f12a538c000 r--s 0003d000 08:01 67808                      /home/vagrant/.gradle/caches/modules-2/files-2.1/org.scalameta/semantic_2.12/1.7.0/5304fa048b70bdba222c9b9401f6155be747518b/semantic_2.12-1.7.0.jar
7f12a538c000-7f12a5395000 r--s 000aa000 08:01 67806                      /home/vagrant/.gradle/caches/modules-2/files-2.1/org.scalameta/parsers_2.12/1.7.0/20352c0e076b6a8b9b8165dd13e942981dcceb03/parsers_2.12-1.7.0.jar
7f12a5395000-7f12a5399000 r--s 0003e000 08:01 67805                      /home/vagrant/.gradle/caches/modules-2/files-2.1/org.scalameta/quasiquotes_2.12/1.7.0/ac3c9cee6a750c7f39dabe8ff705abecb02ec997/quasiquotes_2.12-1.7.0.jar
7f12a5399000-7f12a539c000 ---p 00000000 00:00 0 
7f12a539c000-7f12a569a000 rw-p 00000000 00:00 0 
7f12a569a000-7f12a569d000 ---p 00000000 00:00 0 
7f12a569d000-7f12a579b000 rw-p 00000000 00:00 0 
7f12a579b000-7f12a579e000 ---p 00000000 00:00 0 
7f12a579e000-7f12a589c000 rw-p 00000000 00:00 0 
7f12a589c000-7f12a589f000 ---p 00000000 00:00 0 
7f12a589f000-7f12a599d000 rw-p 00000000 00:00 0 
7f12a599d000-7f12a59a0000 ---p 00000000 00:00 0 
7f12a59a0000-7f12a5a9e000 rw-p 00000000 00:00 0 
7f12a5a9e000-7f12a5aa1000 ---p 00000000 00:00 0 
7f12a5aa1000-7f12a5d9f000 rw-p 00000000 00:00 0 
7f12a5d9f000-7f12a5da0000 r--s 00002000 08:01 67813                      /home/vagrant/.gradle/caches/modules-2/files-2.1/org.scalameta/inline_2.12/1.7.0/571f990aa172f7f1a1fccce8521fb81ffe8321d2/inline_2.12-1.7.0.jar
7f12a5da0000-7f12a5da1000 r--s 00005000 08:01 67812                      /home/vagrant/.gradle/caches/modules-2/files-2.1/org.scalameta/dialects_2.12/1.7.0/f4981c13a754290c0e60eefdf5a44e1f5a1137d2/dialects_2.12-1.7.0.jar
7f12a5da1000-7f12a5da2000 r--s 00018000 08:01 67807                      /home/vagrant/.gradle/caches/modules-2/files-2.1/org.scalameta/transversers_2.12/1.7.0/cfd74b8b097f605093a2f104c72f8ff9850339d0/transversers_2.12-1.7.0.jar
7f12a5da2000-7f12a5da5000 r--s 00020000 08:01 67802                      /home/vagrant/.gradle/caches/modules-2/files-2.1/com.geirsson/metaconfig-core_2.12/0.4.0/d7d384877a1dac47797c093b463b2c2cb75b60e0/metaconfig-core_2.12-0.4.0.jar
7f12a5da5000-7f12a5da6000 r--s 00002000 08:01 67801                      /home/vagrant/.gradle/caches/modules-2/files-2.1/com.geirsson/metaconfig-typesafe-config_2.12/0.4.0/7257969d24506df099b5a1fa9157fffa49435d00/metaconfig-typesafe-config_2.12-0.4.0.jar
7f12a5da6000-7f12a5da7000 r--s 00004000 08:01 67800                      /home/vagrant/.gradle/caches/modules-2/files-2.1/org.scalameta/scalameta_2.12/1.7.0/dfb33a0c8c549c3d3b992642a3df3e270816dad6/scalameta_2.12-1.7.0.jar
7f12a5da7000-7f12a5db0000 r--s 000bd000 08:01 67804                      /home/vagrant/.gradle/caches/modules-2/files-2.1/com.geirsson/scalafmt-core_2.12/1.2.0/3e647198a5634aae2b4ec86618e90b2a4b8c5232/scalafmt-core_2.12-1.2.0.jar
7f12a5db0000-7f12a5e20000 r--s 00641000 08:01 67803                      /home/vagrant/.gradle/caches/modules-2/files-2.1/org.codehaus.groovy/groovy-all/2.4.7/c5371aaa20bcdca1175d9477fc0811f4fd99b68a/groovy-all-2.4.7.jar
7f12a5e20000-7f12a5e35000 r--s 000ce000 08:01 67798                      /home/vagrant/.gradle/caches/modules-2/files-2.1/com.gradle/build-scan-plugin/1.12.1/408974d15b6162d104724749f56eb507837ef625/build-scan-plugin-1.12.1.jar
7f12a5e35000-7f12a5e37000 r--s 00005000 08:01 67799                      /home/vagrant/.gradle/caches/modules-2/files-2.1/cz.alenkacz/gradle-scalafmt/1.5.0/34b9d607eb21a17e02968c33c34670a6bcf0b415/gradle-scalafmt-1.5.0.jar
7f12a5e37000-7f12a6037000 rw-p 00000000 00:00 0 
7f12a6037000-7f12a6237000 rw-p 00000000 00:00 0 
7f12a6237000-7f12a6437000 rw-p 00000000 00:00 0 
7f12a6437000-7f12a6637000 rw-p 00000000 00:00 0 
7f12a6637000-7f12a66b1000 r--s 010ff000 08:01 262179                     /usr/lib/jvm/java-8-openjdk-amd64/lib/tools.jar
7f12a66b1000-7f12a66b4000 ---p 00000000 00:00 0 
7f12a66b4000-7f12a69b2000 rw-p 00000000 00:00 0 
7f12a69b2000-7f12a69b5000 ---p 00000000 00:00 0 
7f12a69b5000-7f12a6ab3000 rw-p 00000000 00:00 0 
7f12a6ab3000-7f12a6ab6000 ---p 00000000 00:00 0 
7f12a6ab6000-7f12a6db4000 rw-p 00000000 00:00 0 
7f12a6db4000-7f12a6db7000 ---p 00000000 00:00 0 
7f12a6db7000-7f12a6eb5000 rw-p 00000000 00:00 0 
7f12a6eb5000-7f12a6eb8000 ---p 00000000 00:00 0 
7f12a6eb8000-7f12a6fb6000 rw-p 00000000 00:00 0 
7f12a6fb6000-7f12a6fb9000 ---p 00000000 00:00 0 
7f12a6fb9000-7f12a70b7000 rw-p 00000000 00:00 0 
7f12a70b7000-7f12a70ba000 ---p 00000000 00:00 0 
7f12a70ba000-7f12a71b8000 rw-p 00000000 00:00 0 
7f12a71b8000-7f12a71bb000 ---p 00000000 00:00 0 
7f12a71bb000-7f12a72b9000 rw-p 00000000 00:00 0 
7f12a72b9000-7f12a72bc000 ---p 00000000 00:00 0 
7f12a72bc000-7f12a73ba000 rw-p 00000000 00:00 0 
7f12a73ba000-7f12a73bd000 ---p 00000000 00:00 0 
7f12a73bd000-7f12a74bb000 rw-p 00000000 00:00 0 
7f12a74bb000-7f12a74be000 ---p 00000000 00:00 0 
7f12a74be000-7f12a75bc000 rw-p 00000000 00:00 0 
7f12a75bc000-7f12a75c1000 r--s 0009d000 08:01 260644                     /usr/lib/jvm/java-8-openjdk-amd64/jre/lib/jsse.jar
7f12a75c1000-7f12a77c1000 rw-p 00000000 00:00 0 
7f12a77c1000-7f12a77ca000 r-xp 00000000 08:01 260680                     /usr/lib/jvm/java-8-openjdk-amd64/jre/lib/amd64/libmanagement.so
7f12a77ca000-7f12a79c9000 ---p 00009000 08:01 260680                     /usr/lib/jvm/java-8-openjdk-amd64/jre/lib/amd64/libmanagement.so
7f12a79c9000-7f12a79ca000 r--p 00008000 08:01 260680                     /usr/lib/jvm/java-8-openjdk-amd64/jre/lib/amd64/libmanagement.so
7f12a79ca000-7f12a79cb000 rw-p 00009000 08:01 260680                     /usr/lib/jvm/java-8-openjdk-amd64/jre/lib/amd64/libmanagement.so
7f12a79cb000-7f12a79cd000 r--s 00007000 08:01 267092                     /home/vagrant/.gradle/wrapper/dists/gradle-4.1-bin/c3kp51zwwt108wc78u68yt7vs/gradle-4.1/lib/plugins/gradle-tooling-api-builders-4.1.jar
7f12a79cd000-7f12a79d0000 r--s 00009000 08:01 267102                     /home/vagrant/.gradle/wrapper/dists/gradle-4.1-bin/c3kp51zwwt108wc78u68yt7vs/gradle-4.1/lib/plugins/gradle-testing-native-4.1.jar
7f12a79d0000-7f12a79d2000 r--s 00009000 08:01 267175                     /home/vagrant/.gradle/wrapper/dists/gradle-4.1-bin/c3kp51zwwt108wc78u68yt7vs/gradle-4.1/lib/plugins/hamcrest-core-1.3.jar
7f12a79d2000-7f12a79d7000 r--s 00040000 08:01 267170                     /home/vagrant/.gradle/wrapper/dists/gradle-4.1-bin/c3kp51zwwt108wc78u68yt7vs/gradle-4.1/lib/plugins/bsh-2.0b4.jar
7f12a79d7000-7f12a79d9000 r--s 00006000 08:01 267171                     /home/vagrant/.gradle/wrapper/dists/gradle-4.1-bin/c3kp51zwwt108wc78u68yt7vs/gradle-4.1/lib/plugins/jcommander-1.12.jar
7f12a79d9000-7f12a79df000 r--s 00033000 08:01 267172                     /home/vagrant/.gradle/wrapper/dists/gradle-4.1-bin/c3kp51zwwt108wc78u68yt7vs/gradle-4.1/lib/plugins/snakeyaml-1.6.jar
7f12a79df000-7f12a79e8000 r--s 00089000 08:01 267130                     /home/vagrant/.gradle/wrapper/dists/gradle-4.1-bin/c3kp51zwwt108wc78u68yt7vs/gradle-4.1/lib/plugins/testng-6.3.1.jar
7f12a79e8000-7f12a79f0000 r--s 00045000 08:01 267131                     /home/vagrant/.gradle/wrapper/dists/gradle-4.1-bin/c3kp51zwwt108wc78u68yt7vs/gradle-4.1/lib/plugins/junit-4.12.jar
7f12a79f0000-7f12a79f6000 r--s 0002e000 08:01 267098                     /home/vagrant/.gradle/wrapper/dists/gradle-4.1-bin/c3kp51zwwt108wc78u68yt7vs/gradle-4.1/lib/plugins/gradle-testing-jvm-4.1.jar
7f12a79f6000-7f12a79fa000 r--s 00017000 08:01 267106                     /home/vagrant/.gradle/wrapper/dists/gradle-4.1-bin/c3kp51zwwt108wc78u68yt7vs/gradle-4.1/lib/plugins/gradle-testing-base-4.1.jar
7f12a79fa000-7f12a7a01000 r--s 00038000 08:01 267126                     /home/vagrant/.gradle/wrapper/dists/gradle-4.1-bin/c3kp51zwwt108wc78u68yt7vs/gradle-4.1/lib/plugins/bcpg-jdk15on-1.51.jar
7f12a7a01000-7f12a7a03000 r--s 0000c000 08:01 267077                     /home/vagrant/.gradle/wrapper/dists/gradle-4.1-bin/c3kp51zwwt108wc78u68yt7vs/gradle-4.1/lib/plugins/gradle-signing-4.1.jar
7f12a7a03000-7f12a7a05000 r--s 00007000 08:01 267083                     /home/vagrant/.gradle/wrapper/dists/gradle-4.1-bin/c3kp51zwwt108wc78u68yt7vs/gradle-4.1/lib/plugins/gradle-scala-4.1.jar
7f12a7a05000-7f12a7a06000 r--s 00004000 08:01 267114                     /home/vagrant/.gradle/wrapper/dists/gradle-4.1-bin/c3kp51zwwt108wc78u68yt7vs/gradle-4.1/lib/plugins/gradle-resources-sftp-4.1.jar
7f12a7a06000-7f12a7a16000 r--s 00088000 08:01 267143                     /home/vagrant/.gradle/wrapper/dists/gradle-4.1-bin/c3kp51zwwt108wc78u68yt7vs/gradle-4.1/lib/plugins/joda-time-2.8.2.jar
7f12a7a16000-7f12a7a27000 r--s 0010d000 08:01 267142                     /home/vagrant/.gradle/wrapper/dists/gradle-4.1-bin/c3kp51zwwt108wc78u68yt7vs/gradle-4.1/lib/plugins/jackson-databind-2.6.6.jar
7f12a7a27000-7f12a7a2a000 r--s 00009000 08:01 267141                     /home/vagrant/.gradle/wrapper/dists/gradle-4.1-bin/c3kp51zwwt108wc78u68yt7vs/gradle-4.1/lib/plugins/jackson-annotations-2.6.6.jar
7f12a7a2a000-7f12a7a2e000 r--s 0003c000 08:01 267140                     /home/vagrant/.gradle/wrapper/dists/gradle-4.1-bin/c3kp51zwwt108wc78u68yt7vs/gradle-4.1/lib/plugins/jackson-core-2.6.6.jar
7f12a7a2e000-7f12a7a3c000 r--s 00087000 08:01 267139                     /home/vagrant/.gradle/wrapper/dists/gradle-4.1-bin/c3kp51zwwt108wc78u68yt7vs/gradle-4.1/lib/plugins/aws-java-sdk-core-1.11.6.jar
7f12a7a3c000-7f12a7a43000 r--s 00057000 08:01 267138                     /home/vagrant/.gradle/wrapper/dists/gradle-4.1-bin/c3kp51zwwt108wc78u68yt7vs/gradle-4.1/lib/plugins/aws-java-sdk-kms-1.11.6.jar
7f12a7a43000-7f12a7a50000 r--s 0008e000 08:01 267137                     /home/vagrant/.gradle/wrapper/dists/gradle-4.1-bin/c3kp51zwwt108wc78u68yt7vs/gradle-4.1/lib/plugins/aws-java-sdk-s3-1.11.6.jar
7f12a7a50000-7f12a7a52000 r--s 00004000 08:01 267111                     /home/vagrant/.gradle/wrapper/dists/gradle-4.1-bin/c3kp51zwwt108wc78u68yt7vs/gradle-4.1/lib/plugins/gradle-resources-s3-4.1.jar
7f12a7a52000-7f12a7a54000 r--s 00010000 08:01 267107                     /home/vagrant/.gradle/wrapper/dists/gradle-4.1-bin/c3kp51zwwt108wc78u68yt7vs/gradle-4.1/lib/plugins/gradle-reporting-4.1.jar
7f12a7a54000-7f12a7a56000 r--s 00002000 08:01 267108                     /home/vagrant/.gradle/wrapper/dists/gradle-4.1-bin/c3kp51zwwt108wc78u68yt7vs/gradle-4.1/lib/plugins/gradle-publish-4.1.jar
7f12a7a56000-7f12a7a58000 r--s 00009000 08:01 267119                     /home/vagrant/.gradle/wrapper/dists/gradle-4.1-bin/c3kp51zwwt108wc78u68yt7vs/gradle-4.1/lib/plugins/commons-cli-1.2.jar
7f12a7a58000-7f12a7a5e000 r--s 00036000 08:01 267091                     /home/vagrant/.gradle/wrapper/dists/gradle-4.1-bin/c3kp51zwwt108wc78u68yt7vs/gradle-4.1/lib/plugins/gradle-plugins-4.1.jar
7f12a7a5e000-7f12a7a60000 r--s 00009000 08:01 267078                     /home/vagrant/.gradle/wrapper/dists/gradle-4.1-bin/c3kp51zwwt108wc78u68yt7vs/gradle-4.1/lib/plugins/gradle-plugin-development-4.1.jar
7f12a7a60000-7f12a7a66000 r--s 0002b000 08:01 267086                     /home/vagrant/.gradle/wrapper/dists/gradle-4.1-bin/c3kp51zwwt108wc78u68yt7vs/gradle-4.1/lib/plugins/gradle-platform-play-4.1.jar
7f12a7a66000-7f12a7a75000 r--s 0005b000 08:01 267104                     /home/vagrant/.gradle/wrapper/dists/gradle-4.1-bin/c3kp51zwwt108wc78u68yt7vs/gradle-4.1/lib/plugins/gradle-platform-native-4.1.jar
7f12a7a75000-7f12a7a79000 r--s 0001b000 08:01 267101                     /home/vagrant/.gradle/wrapper/dists/gradle-4.1-bin/c3kp51zwwt108wc78u68yt7vs/gradle-4.1/lib/plugins/gradle-platform-jvm-4.1.jar
7f12a7a79000-7f12a7a81000 r--s 00027000 08:01 267109                     /home/vagrant/.gradle/wrapper/dists/gradle-4.1-bin/c3kp51zwwt108wc78u68yt7vs/gradle-4.1/lib/plugins/gradle-platform-base-4.1.jar
7f12a7a81000-7f12a7aa9000 r--s 0021c000 08:01 267120                     /home/vagrant/.gradle/wrapper/dists/gradle-4.1-bin/c3kp51zwwt108wc78u68yt7vs/gradle-4.1/lib/plugins/biz.aQute.bndlib-3.2.0.jar
7f12a7aa9000-7f12a7aaa000 r--s 00004000 08:01 267076                     /home/vagrant/.gradle/wrapper/dists/gradle-4.1-bin/c3kp51zwwt108wc78u68yt7vs/gradle-4.1/lib/plugins/gradle-osgi-4.1.jar
7f12a7aaa000-7f12a7aad000 r--s 0000c000 08:01 267123                     /home/vagrant/.gradle/wrapper/dists/gradle-4.1-bin/c3kp51zwwt108wc78u68yt7vs/gradle-4.1/lib/plugins/pmaven-groovy-0.8-20100325.jar
7f12a7aad000-7f12a7aae000 r--s 00004000 08:01 267122                     /home/vagrant/.gradle/wrapper/dists/gradle-4.1-bin/c3kp51zwwt108wc78u68yt7vs/gradle-4.1/lib/plugins/pmaven-common-0.8-20100325.jar
7f12a7aae000-7f12a7ab4000 r--s 00023000 08:01 267079                     /home/vagrant/.gradle/wrapper/dists/gradle-4.1-bin/c3kp51zwwt108wc78u68yt7vs/gradle-4.1/lib/plugins/gradle-maven-4.1.jar
7f12a7ab4000-7f12a7ab7000 r--s 0000b000 08:01 267097                     /home/vagrant/.gradle/wrapper/dists/gradle-4.1-bin/c3kp51zwwt108wc78u68yt7vs/gradle-4.1/lib/plugins/gradle-language-scala-4.1.jar
7f12a7ab7000-7f12a7abe000 r--s 00020000 08:01 267103                     /home/vagrant/.gradle/wrapper/dists/gradle-4.1-bin/c3kp51zwwt108wc78u68yt7vs/gradle-4.1/lib/plugins/gradle-language-native-4.1.jar
7f12a7abe000-7f12a7ac0000 r--s 00005000 08:01 267100                     /home/vagrant/.gradle/wrapper/dists/gradle-4.1-bin/c3kp51zwwt108wc78u68yt7vs/gradle-4.1/lib/plugins/gradle-language-jvm-4.1.jar
7f12a7ac0000-7f12a7ac7000 r--s 0002f000 08:01 267099                     /home/vagrant/.gradle/wrapper/dists/gradle-4.1-bin/c3kp51zwwt108wc78u68yt7vs/gradle-4.1/lib/plugins/gradle-language-java-4.1.jar
7f12a7ac7000-7f12a7aca000 r--s 0000a000 08:01 267096                     /home/vagrant/.gradle/wrapper/dists/gradle-4.1-bin/c3kp51zwwt108wc78u68yt7vs/gradle-4.1/lib/plugins/gradle-language-groovy-4.1.jar
7f12a7aca000-7f12a7ad1000 r--s 00035000 08:01 267129                     /home/vagrant/.gradle/wrapper/dists/gradle-4.1-bin/c3kp51zwwt108wc78u68yt7vs/gradle-4.1/lib/plugins/simple-4.1.21.jar
7f12a7ad1000-7f12a7add000 r--s 00100000 08:01 267127                     /home/vagrant/.gradle/wrapper/dists/gradle-4.1-bin/c3kp51zwwt108wc78u68yt7vs/gradle-4.1/lib/plugins/rhino-1.7R3.jar
7f12a7add000-7f12a7ae1000 r--s 00012000 08:01 267087                     /home/vagrant/.gradle/wrapper/dists/gradle-4.1-bin/c3kp51zwwt108wc78u68yt7vs/gradle-4.1/lib/plugins/gradle-javascript-4.1.jar
7f12a7ae1000-7f12a7ae4000 r--s 00011000 08:01 267089                     /home/vagrant/.gradle/wrapper/dists/gradle-4.1-bin/c3kp51zwwt108wc78u68yt7vs/gradle-4.1/lib/plugins/gradle-jacoco-4.1.jar
7f12a7ae4000-7f12a7ae7000 r--s 0000e000 08:01 267088                     /home/vagrant/.gradle/wrapper/dists/gradle-4.1-bin/c3kp51zwwt108wc78u68yt7vs/gradle-4.1/lib/plugins/gradle-ivy-4.1.jar
7f12a7ae7000-7f12a7ae8000 r--s 00002000 08:01 267080                     /home/vagrant/.gradle/wrapper/dists/gradle-4.1-bin/c3kp51zwwt108wc78u68yt7vs/gradle-4.1/lib/plugins/gradle-ide-play-4.1.jar
7f12a7ae8000-7f12a7aeb000 r--s 00013000 08:01 267081                     /home/vagrant/.gradle/wrapper/dists/gradle-4.1-bin/c3kp51zwwt108wc78u68yt7vs/gradle-4.1/lib/plugins/gradle-ide-native-4.1.jar
7f12a7aeb000-7f12a7af5000 r--s 00054000 08:01 267082                     /home/vagrant/.gradle/wrapper/dists/gradle-4.1-bin/c3kp51zwwt108wc78u68yt7vs/gradle-4.1/lib/plugins/gradle-ide-4.1.jar
7f12a7af5000-7f12a7af7000 r--s 00007000 08:01 267085                     /home/vagrant/.gradle/wrapper/dists/gradle-4.1-bin/c3kp51zwwt108wc78u68yt7vs/gradle-4.1/lib/plugins/gradle-ear-4.1.jar
7f12a7af7000-7f12a7af9000 r--s 00005000 08:01 267117                     /home/vagrant/.gradle/wrapper/dists/gradle-4.1-bin/c3kp51zwwt108wc78u68yt7vs/gradle-4.1/lib/plugins/jatl-0.2.2.jar
7f12a7af9000-7f12a7b00000 r--s 00038000 08:01 267105                     /home/vagrant/.gradle/wrapper/dists/gradle-4.1-bin/c3kp51zwwt108wc78u68yt7vs/gradle-4.1/lib/plugins/gradle-diagnostics-4.1.jar
7f12a7b00000-7f12a7b02000 r--s 0000b000 08:01 267094                     /home/vagrant/.gradle/wrapper/dists/gradle-4.1-bin/c3kp51zwwt108wc78u68yt7vs/gradle-4.1/lib/plugins/gradle-composite-builds-4.1.jar
7f12a7b02000-7f12a7b07000 r--s 00025000 08:01 267074                     /home/vagrant/.gradle/wrapper/dists/gradle-4.1-bin/c3kp51zwwt108wc78u68yt7vs/gradle-4.1/lib/plugins/gradle-code-quality-4.1.jar
7f12a7b07000-7f12a7b0c000 r--s 00022000 08:01 267090                     /home/vagrant/.gradle/wrapper/dists/gradle-4.1-bin/c3kp51zwwt108wc78u68yt7vs/gradle-4.1/lib/plugins/gradle-build-init-4.1.jar
7f12a7b0c000-7f12a7b12000 r--s 0008e000 08:01 267084                     /home/vagrant/.gradle/wrapper/dists/gradle-4.1-bin/c3kp51zwwt108wc78u68yt7vs/gradle-4.1/lib/plugins/gradle-build-comparison-4.1.jar
7f12a7b12000-7f12a7b13000 r--s 00002000 08:01 267112                     /home/vagrant/.gradle/wrapper/dists/gradle-4.1-bin/c3kp51zwwt108wc78u68yt7vs/gradle-4.1/lib/plugins/gradle-build-cache-http-4.1.jar
7f12a7b13000-7f12a7b15000 r--s 00008000 08:01 267075                     /home/vagrant/.gradle/wrapper/dists/gradle-4.1-bin/c3kp51zwwt108wc78u68yt7vs/gradle-4.1/lib/plugins/gradle-antlr-4.1.jar
7f12a7b15000-7f12a7b17000 r--s 00004000 08:01 267095                     /home/vagrant/.gradle/wrapper/dists/gradle-4.1-bin/c3kp51zwwt108wc78u68yt7vs/gradle-4.1/lib/plugins/gradle-announce-4.1.jar
7f12a7b17000-7f12a7b19000 r--s 00008000 08:01 267015                     /home/vagrant/.gradle/wrapper/dists/gradle-4.1-bin/c3kp51zwwt108wc78u68yt7vs/gradle-4.1/lib/gradle-kotlin-dsl-tooling-builders-0.10.3.jar
7f12a7b19000-7f12a7b1c000 r--s 0001c000 08:01 267133                     /home/vagrant/.gradle/wrapper/dists/gradle-4.1-bin/c3kp51zwwt108wc78u68yt7vs/gradle-4.1/lib/plugins/nekohtml-1.9.14.jar
7f12a7b1c000-7f12a7b24000 r--s 00028000 08:01 267174                     /home/vagrant/.gradle/wrapper/dists/gradle-4.1-bin/c3kp51zwwt108wc78u68yt7vs/gradle-4.1/lib/plugins/xml-apis-1.3.04.jar
7f12a7b24000-7f12a7b3c000 r--s 00115000 08:01 267134                     /home/vagrant/.gradle/wrapper/dists/gradle-4.1-bin/c3kp51zwwt108wc78u68yt7vs/gradle-4.1/lib/plugins/xercesImpl-2.9.1.jar
7f12a7b3c000-7f12a7b42000 r--s 0005b000 08:01 267132                     /home/vagrant/.gradle/wrapper/dists/gradle-4.1-bin/c3kp51zwwt108wc78u68yt7vs/gradle-4.1/lib/plugins/jcifs-1.3.17.jar
7f12a7b42000-7f12a7b49000 r--s 00049000 08:01 267173                     /home/vagrant/.gradle/wrapper/dists/gradle-4.1-bin/c3kp51zwwt108wc78u68yt7vs/gradle-4.1/lib/plugins/httpcore-4.4.4.jar
7f12a7b49000-7f12a7b4f000 r--s 00033000 08:01 267125                     /home/vagrant/.gradle/wrapper/dists/gradle-4.1-bin/c3kp51zwwt108wc78u68yt7vs/gradle-4.1/lib/plugins/commons-codec-1.6.jar
7f12a7b4f000-7f12a7b5c000 r--s 000a4000 08:01 267118                     /home/vagrant/.gradle/wrapper/dists/gradle-4.1-bin/c3kp51zwwt108wc78u68yt7vs/gradle-4.1/lib/plugins/httpclient-4.4.1.jar
7f12a7b5c000-7f12a7b5e000 r--s 0000b000 08:01 267113                     /home/vagrant/.gradle/wrapper/dists/gradle-4.1-bin/c3kp51zwwt108wc78u68yt7vs/gradle-4.1/lib/plugins/gradle-resources-http-4.1.jar
7f12a7b5e000-7f12a7b62000 r--s 00017000 08:01 267110                     /home/vagrant/.gradle/wrapper/dists/gradle-4.1-bin/c3kp51zwwt108wc78u68yt7vs/gradle-4.1/lib/plugins/gradle-plugin-use-4.1.jar
7f12a7b62000-7f12a7b63000 r--s 00000000 08:01 267021                     /home/vagrant/.gradle/wrapper/dists/gradle-4.1-bin/c3kp51zwwt108wc78u68yt7vs/gradle-4.1/lib/gradle-runtime-api-info-4.1.jar
7f12a7b63000-7f12a7b64000 r--s 00000000 08:01 267024                     /home/vagrant/.gradle/wrapper/dists/gradle-4.1-bin/c3kp51zwwt108wc78u68yt7vs/gradle-4.1/lib/gradle-installation-beacon-4.1.jar
7f12a7b64000-7f12a7ba4000 r--s 00277000 08:01 267145                     /home/vagrant/.gradle/wrapper/dists/gradle-4.1-bin/c3kp51zwwt108wc78u68yt7vs/gradle-4.1/lib/plugins/bcprov-jdk15on-1.51.jar
7f12a7ba4000-7f12a7ba8000 r--s 0001d000 08:01 267144                     /home/vagrant/.gradle/wrapper/dists/gradle-4.1-bin/c3kp51zwwt108wc78u68yt7vs/gradle-4.1/lib/plugins/xbean-reflect-3.4.jar
7f12a7ba8000-7f12a7baa000 r--s 0000a000 08:01 267146                     /home/vagrant/.gradle/wrapper/dists/gradle-4.1-bin/c3kp51zwwt108wc78u68yt7vs/gradle-4.1/lib/plugins/maven-settings-3.0.4.jar
7f12a7baa000-7f12a7bad000 r--s 00008000 08:01 267147                     /home/vagrant/.gradle/wrapper/dists/gradle-4.1-bin/c3kp51zwwt108wc78u68yt7vs/gradle-4.1/lib/plugins/maven-settings-builder-3.0.4.jar
7f12a7bad000-7f12a7bb1000 r--s 00033000 08:01 267148                     /home/vagrant/.gradle/wrapper/dists/gradle-4.1-bin/c3kp51zwwt108wc78u68yt7vs/gradle-4.1/lib/plugins/plexus-utils-2.0.6.jar
7f12a7bb1000-7f12a7bb3000 r--s 0000d000 08:01 267149                     /home/vagrant/.gradle/wrapper/dists/gradle-4.1-bin/c3kp51zwwt108wc78u68yt7vs/gradle-4.1/lib/plugins/plexus-interpolation-1.14.jar
7f12a7bb3000-7f12a7bb5000 r--s 00000000 08:01 267124                     /home/vagrant/.gradle/wrapper/dists/gradle-4.1-bin/c3kp51zwwt108wc78u68yt7vs/gradle-4.1/lib/plugins/plexus-component-annotations-1.5.5.jar
7f12a7bb5000-7f12a7bbc000 r--s 0002e000 08:01 267150                     /home/vagrant/.gradle/wrapper/dists/gradle-4.1-bin/c3kp51zwwt108wc78u68yt7vs/gradle-4.1/lib/plugins/plexus-container-default-1.5.5.jar
7f12a7bbc000-7f12a7bbe000 r--s 0000a000 08:01 267151                     /home/vagrant/.gradle/wrapper/dists/gradle-4.1-bin/c3kp51zwwt108wc78u68yt7vs/gradle-4.1/lib/plugins/plexus-classworlds-2.4.jar
7f12a7bbe000-7f12a7bc0000 r--s 00002000 08:01 267152                     /home/vagrant/.gradle/wrapper/dists/gradle-4.1-bin/c3kp51zwwt108wc78u68yt7vs/gradle-4.1/lib/plugins/plexus-cipher-1.7.jar
7f12a7bc0000-7f12a7bc1000 r--s 00006000 08:01 267153                     /home/vagrant/.gradle/wrapper/dists/gradle-4.1-bin/c3kp51zwwt108wc78u68yt7vs/gradle-4.1/lib/plugins/plexus-sec-dispatcher-1.3.jar
7f12a7bc1000-7f12a7bc7000 r--s 0003f000 08:01 267154                     /home/vagrant/.gradle/wrapper/dists/gradle-4.1-bin/c3kp51zwwt108wc78u68yt7vs/gradle-4.1/lib/plugins/maven-compat-3.0.4.jar
7f12a7bc7000-7f12a7bcb000 r--s 00021000 08:01 267155                     /home/vagrant/.gradle/wrapper/dists/gradle-4.1-bin/c3kp51zwwt108wc78u68yt7vs/gradle-4.1/lib/plugins/maven-model-builder-3.0.4.jar
7f12a7bcb000-7f12a7bcd000 r--s 00026000 08:01 267156                     /home/vagrant/.gradle/wrapper/dists/gradle-4.1-bin/c3kp51zwwt108wc78u68yt7vs/gradle-4.1/lib/plugins/maven-model-3.0.4.jar
7f12a7bcd000-7f12a7bcf000 r--s 0000b000 08:01 267157                     /home/vagrant/.gradle/wrapper/dists/gradle-4.1-bin/c3kp51zwwt108wc78u68yt7vs/gradle-4.1/lib/plugins/maven-artifact-3.0.4.jar
7f12a7bcf000-7f12a7bd1000 r--s 00006000 08:01 267158                     /home/vagrant/.gradle/wrapper/dists/gradle-4.1-bin/c3kp51zwwt108wc78u68yt7vs/gradle-4.1/lib/plugins/maven-repository-metadata-3.0.4.jar
7f12a7bd1000-7f12a7bd3000 r--s 0000b000 08:01 267159                     /home/vagrant/.gradle/wrapper/dists/gradle-4.1-bin/c3kp51zwwt108wc78u68yt7vs/gradle-4.1/lib/plugins/maven-plugin-api-3.0.4.jar
7f12a7bd3000-7f12a7bd5000 r--s 0000c000 08:01 267160                     /home/vagrant/.gradle/wrapper/dists/gradle-4.1-bin/c3kp51zwwt108wc78u68yt7vs/gradle-4.1/lib/plugins/maven-aether-provider-3.0.4.jar
7f12a7bd5000-7f12a7bd6000 r--s 00002000 08:01 267161                     /home/vagrant/.gradle/wrapper/dists/gradle-4.1-bin/c3kp51zwwt108wc78u68yt7vs/gradle-4.1/lib/plugins/wagon-file-2.4.jar
7f12a7bd6000-7f12a7bd7000 r--s 00002000 08:01 267162                     /home/vagrant/.gradle/wrapper/dists/gradle-4.1-bin/c3kp51zwwt108wc78u68yt7vs/gradle-4.1/lib/plugins/wagon-http-2.4.jar
7f12a7bd7000-7f12a7bd9000 r--s 0000b000 08:01 267163                     /home/vagrant/.gradle/wrapper/dists/gradle-4.1-bin/c3kp51zwwt108wc78u68yt7vs/gradle-4.1/lib/plugins/wagon-provider-api-2.4.jar
7f12a7bd9000-7f12a7bdc000 r--s 00013000 08:01 267165                     /home/vagrant/.gradle/wrapper/dists/gradle-4.1-bin/c3kp51zwwt108wc78u68yt7vs/gradle-4.1/lib/plugins/aether-api-1.13.1.jar
7f12a7bdc000-7f12a7be8000 r--s 0007d000 08:01 267121                     /home/vagrant/.gradle/wrapper/dists/gradle-4.1-bin/c3kp51zwwt108wc78u68yt7vs/gradle-4.1/lib/plugins/maven-core-3.0.4.jar
7f12a7be8000-7f12a7bed000 r-xp 00000000 08:01 267181                     /home/vagrant/.gradle/native/25/linux-amd64/libnative-platform.so
7f12a7bed000-7f12a7dec000 ---p 00005000 08:01 267181                     /home/vagrant/.gradle/native/25/linux-amd64/libnative-platform.so
7f12a7dec000-7f12a7ded000 rw-p 00004000 08:01 267181                     /home/vagrant/.gradle/native/25/linux-amd64/libnative-platform.so
7f12a7ded000-7f12a7dfe000 r-xp 00000000 08:01 260677                     /usr/lib/jvm/java-8-openjdk-amd64/jre/lib/amd64/libnio.so
7f12a7dfe000-7f12a7ffe000 ---p 00011000 08:01 260677                     /usr/lib/jvm/java-8-openjdk-amd64/jre/lib/amd64/libnio.so
7f12a7ffe000-7f12a7fff000 r--p 00011000 08:01 260677                     /usr/lib/jvm/java-8-openjdk-amd64/jre/lib/amd64/libnio.so
7f12a7fff000-7f12a8000000 rw-p 00012000 08:01 260677                     /usr/lib/jvm/java-8-openjdk-amd64/jre/lib/amd64/libnio.so
7f12a8000000-7f12a8eac000 rw-p 00000000 00:00 0 
7f12a8eac000-7f12ac000000 ---p 00000000 00:00 0 
7f12ac000000-7f12ac021000 rw-p 00000000 00:00 0 
7f12ac021000-7f12b0000000 ---p 00000000 00:00 0 
7f12b0000000-7f12b2641000 rw-p 00000000 00:00 0 
7f12b2641000-7f12b4000000 ---p 00000000 00:00 0 
7f12b4000000-7f12b796c000 rw-p 00000000 00:00 0 
7f12b796c000-7f12b8000000 ---p 00000000 00:00 0 
7f12b8000000-7f12b8021000 rw-p 00000000 00:00 0 
7f12b8021000-7f12bc000000 ---p 00000000 00:00 0 
7f12bc000000-7f12bc021000 rw-p 00000000 00:00 0 
7f12bc021000-7f12c0000000 ---p 00000000 00:00 0 
7f12c0000000-7f12c016a000 rw-p 00000000 00:00 0 
7f12c016a000-7f12c4000000 ---p 00000000 00:00 0 
7f12c4000000-7f12c4041000 rw-p 00000000 00:00 0 
7f12c4041000-7f12c8000000 ---p 00000000 00:00 0 
7f12c8000000-7f12c8074000 rw-p 00000000 00:00 0 
7f12c8074000-7f12cc000000 ---p 00000000 00:00 0 
7f12cc000000-7f12cc001000 r--s 00007000 08:01 267164                     /home/vagrant/.gradle/wrapper/dists/gradle-4.1-bin/c3kp51zwwt108wc78u68yt7vs/gradle-4.1/lib/plugins/wagon-http-shared4-2.4.jar
7f12cc001000-7f12cc004000 r--s 0001d000 08:01 267166                     /home/vagrant/.gradle/wrapper/dists/gradle-4.1-bin/c3kp51zwwt108wc78u68yt7vs/gradle-4.1/lib/plugins/aether-impl-1.13.1.jar
7f12cc004000-7f12cc008000 r--s 0001c000 08:01 267168                     /home/vagrant/.gradle/wrapper/dists/gradle-4.1-bin/c3kp51zwwt108wc78u68yt7vs/gradle-4.1/lib/plugins/aether-util-1.13.1.jar
7f12cc008000-7f12cc00a000 r--s 00006000 08:01 267169                     /home/vagrant/.gradle/wrapper/dists/gradle-4.1-bin/c3kp51zwwt108wc78u68yt7vs/gradle-4.1/lib/plugins/aether-connector-wagon-1.13.1.jar
7f12cc00a000-7f12cc00f000 r--s 00034000 08:01 267128                     /home/vagrant/.gradle/wrapper/dists/gradle-4.1-bin/c3kp51zwwt108wc78u68yt7vs/gradle-4.1/lib/plugins/gson-2.7.jar
7f12cc00f000-7f12cf010000 rw-p 00000000 00:00 0 
7f12cf010000-7f12cf011000 r--s 00003000 08:01 267167                     /home/vagrant/.gradle/wrapper/dists/gradle-4.1-bin/c3kp51zwwt108wc78u68yt7vs/gradle-4.1/lib/plugins/aether-spi-1.13.1.jar
7f12cf011000-7f12cf016000 r--s 00040000 08:01 267136                     /home/vagrant/.gradle/wrapper/dists/gradle-4.1-bin/c3kp51zwwt108wc78u68yt7vs/gradle-4.1/lib/plugins/jsch-0.1.54.jar
7f12cf016000-7f12cf025000 r--s 000d9000 08:01 267135                     /home/vagrant/.gradle/wrapper/dists/gradle-4.1-bin/c3kp51zwwt108wc78u68yt7vs/gradle-4.1/lib/plugins/ivy-2.2.0.jar
7f12cf025000-7f12cf049000 r--s 0011a000 08:01 267116                     /home/vagrant/.gradle/wrapper/dists/gradle-4.1-bin/c3kp51zwwt108wc78u68yt7vs/gradle-4.1/lib/plugins/gradle-dependency-management-4.1.jar
7f12cf049000-7f12cf04c000 r--s 0000d000 08:01 267115                     /home/vagrant/.gradle/wrapper/dists/gradle-4.1-bin/c3kp51zwwt108wc78u68yt7vs/gradle-4.1/lib/plugins/gradle-workers-4.1.jar
7f12cf04c000-7f12cf062000 r-xp 00000000 08:01 260672                     /usr/lib/jvm/java-8-openjdk-amd64/jre/lib/amd64/libnet.so
7f12cf062000-7f12cf262000 ---p 00016000 08:01 260672                     /usr/lib/jvm/java-8-openjdk-amd64/jre/lib/amd64/libnet.so
7f12cf262000-7f12cf263000 r--p 00016000 08:01 260672                     /usr/lib/jvm/java-8-openjdk-amd64/jre/lib/amd64/libnet.so
7f12cf263000-7f12cf264000 rw-p 00017000 08:01 260672                     /usr/lib/jvm/java-8-openjdk-amd64/jre/lib/amd64/libnet.so
7f12cf264000-7f12cf265000 r--s 00006000 08:01 267023                     /home/vagrant/.gradle/wrapper/dists/gradle-4.1-bin/c3kp51zwwt108wc78u68yt7vs/gradle-4.1/lib/gradle-wrapper-4.1.jar
7f12cf265000-7f12cf272000 r--s 00043000 08:01 267022                     /home/vagrant/.gradle/wrapper/dists/gradle-4.1-bin/c3kp51zwwt108wc78u68yt7vs/gradle-4.1/lib/gradle-tooling-api-4.1.jar
7f12cf272000-7f12cf281000 r--s 000c8000 08:01 267019                     /home/vagrant/.gradle/wrapper/dists/gradle-4.1-bin/c3kp51zwwt108wc78u68yt7vs/gradle-4.1/lib/kotlin-stdlib-1.1.3-2.jar
7f12cf281000-7f12cf2b3000 r--s 0021b000 08:01 267018                     /home/vagrant/.gradle/wrapper/dists/gradle-4.1-bin/c3kp51zwwt108wc78u68yt7vs/gradle-4.1/lib/kotlin-reflect-1.1.3-2.jar
7f12cf2b3000-7f12cf2ef000 rw-p 00000000 00:00 0 
7f12cf2ef000-7f12cf4a6000 r--s 01786000 08:01 267017                     /home/vagrant/.gradle/wrapper/dists/gradle-4.1-bin/c3kp51zwwt108wc78u68yt7vs/gradle-4.1/lib/kotlin-compiler-embeddable-1.1.3-2.jar
7f12cf4a6000-7f12cf4a7000 r--s 00000000 08:01 267016                     /home/vagrant/.gradle/wrapper/dists/gradle-4.1-bin/c3kp51zwwt108wc78u68yt7vs/gradle-4.1/lib/gradle-kotlin-dsl-tooling-models-0.10.3.jar
7f12cf4a7000-7f12cf4a8000 r--s 00001000 08:01 267014                     /home/vagrant/.gradle/wrapper/dists/gradle-4.1-bin/c3kp51zwwt108wc78u68yt7vs/gradle-4.1/lib/gradle-kotlin-dsl-compiler-plugin-0.10.3.jar
7f12cf4a8000-7f12cf4aa000 r--s 00003000 08:01 267012                     /home/vagrant/.gradle/wrapper/dists/gradle-4.1-bin/c3kp51zwwt108wc78u68yt7vs/gradle-4.1/lib/annotations-13.0.jar
7f12cf4aa000-7f12cf4b4000 r--s 00073000 08:01 267013                     /home/vagrant/.gradle/wrapper/dists/gradle-4.1-bin/c3kp51zwwt108wc78u68yt7vs/gradle-4.1/lib/gradle-kotlin-dsl-0.10.3.jar
7f12cf4b4000-7f12cf4b9000 r--s 00013000 08:01 267029                     /home/vagrant/.gradle/wrapper/dists/gradle-4.1-bin/c3kp51zwwt108wc78u68yt7vs/gradle-4.1/lib/gradle-resources-4.1.jar
7f12cf4b9000-7f12cf4bb000 r--s 00005000 08:01 267036                     /home/vagrant/.gradle/wrapper/dists/gradle-4.1-bin/c3kp51zwwt108wc78u68yt7vs/gradle-4.1/lib/gradle-cli-4.1.jar
7f12cf4bb000-7f12cf4bd000 r--s 00003000 08:01 267043                     /home/vagrant/.gradle/wrapper/dists/gradle-4.1-bin/c3kp51zwwt108wc78u68yt7vs/gradle-4.1/lib/jcl-over-slf4j-1.7.10.jar
7f12cf4bd000-7f12cf4be000 r--s 00005000 08:01 267042                     /home/vagrant/.gradle/wrapper/dists/gradle-4.1-bin/c3kp51zwwt108wc78u68yt7vs/gradle-4.1/lib/log4j-over-slf4j-1.7.10.jar
7f12cf4be000-7f12cf4c0000 r--s 00000000 08:01 267041                     /home/vagrant/.gradle/wrapper/dists/gradle-4.1-bin/c3kp51zwwt108wc78u68yt7vs/gradle-4.1/lib/jul-to-slf4j-1.7.10.jar
7f12cf4c0000-7f12cf4c7000 r--s 0002c000 08:01 267027                     /home/vagrant/.gradle/wrapper/dists/gradle-4.1-bin/c3kp51zwwt108wc78u68yt7vs/gradle-4.1/lib/gradle-logging-4.1.jar
7f12cf4c7000-7f12cf4d7000 r--s 00082000 08:01 267032                     /home/vagrant/.gradle/wrapper/dists/gradle-4.1-bin/c3kp51zwwt108wc78u68yt7vs/gradle-4.1/lib/gradle-model-core-4.1.jar
7f12cf4d7000-7f12cf4d9000 r--s 00006000 08:01 267033                     /home/vagrant/.gradle/wrapper/dists/gradle-4.1-bin/c3kp51zwwt108wc78u68yt7vs/gradle-4.1/lib/gradle-base-services-groovy-4.1.jar
7f12cf4d9000-7f12cf4db000 r--s 00007000 08:01 267031                     /home/vagrant/.gradle/wrapper/dists/gradle-4.1-bin/c3kp51zwwt108wc78u68yt7vs/gradle-4.1/lib/gradle-model-groovy-4.1.jar
7f12cf4db000-7f12cf4dc000 r--s 00002000 08:01 267054                     /home/vagrant/.gradle/wrapper/dists/gradle-4.1-bin/c3kp51zwwt108wc78u68yt7vs/gradle-4.1/lib/gradle-docs-4.1.jar
7f12cf4dc000-7f12cf4e9000 r--s 00083000 08:01 267052                     /home/vagrant/.gradle/wrapper/dists/gradle-4.1-bin/c3kp51zwwt108wc78u68yt7vs/gradle-4.1/lib/commons-collections-3.2.2.jar
7f12cf4e9000-7f12cf4ea000 r--s 00000000 08:01 267051                     /home/vagrant/.gradle/wrapper/dists/gradle-4.1-bin/c3kp51zwwt108wc78u68yt7vs/gradle-4.1/lib/javax.inject-1.jar
7f12cf4ea000-7f12cf55a000 r--s 00645000 08:01 267049                     /home/vagrant/.gradle/wrapper/dists/gradle-4.1-bin/c3kp51zwwt108wc78u68yt7vs/gradle-4.1/lib/groovy-all-2.4.11.jar
7f12cf55a000-7f12cf55d000 r--s 00023000 08:01 267055                     /home/vagrant/.gradle/wrapper/dists/gradle-4.1-bin/c3kp51zwwt108wc78u68yt7vs/gradle-4.1/lib/jansi-1.14.jar
7f12cf55d000-7f12cf55e000 r--s 00004000 08:01 267057                     /home/vagrant/.gradle/wrapper/dists/gradle-4.1-bin/c3kp51zwwt108wc78u68yt7vs/gradle-4.1/lib/native-platform-freebsd-amd64-libcpp-0.14.jar
7f12cf55e000-7f12cf55f000 r--s 00004000 08:01 267058                     /home/vagrant/.gradle/wrapper/dists/gradle-4.1-bin/c3kp51zwwt108wc78u68yt7vs/gradle-4.1/lib/native-platform-freebsd-amd64-libstdcpp-0.14.jar
7f12cf55f000-7f12cf560000 r--s 00004000 08:01 267059                     /home/vagrant/.gradle/wrapper/dists/gradle-4.1-bin/c3kp51zwwt108wc78u68yt7vs/gradle-4.1/lib/native-platform-freebsd-i386-libcpp-0.14.jar
7f12cf560000-7f12cf561000 r--s 00003000 08:01 267060                     /home/vagrant/.gradle/wrapper/dists/gradle-4.1-bin/c3kp51zwwt108wc78u68yt7vs/gradle-4.1/lib/native-platform-freebsd-i386-libstdcpp-0.14.jar
7f12cf561000-7f12cf562000 r--s 00002000 08:01 267061                     /home/vagrant/.gradle/wrapper/dists/gradle-4.1-bin/c3kp51zwwt108wc78u68yt7vs/gradle-4.1/lib/native-platform-linux-amd64-0.14.jar
7f12cf562000-7f12cf563000 r--s 00002000 08:01 267062                     /home/vagrant/.gradle/wrapper/dists/gradle-4.1-bin/c3kp51zwwt108wc78u68yt7vs/gradle-4.1/lib/native-platform-linux-i386-0.14.jar
7f12cf563000-7f12cf565000 r--s 00002000 08:01 267063                     /home/vagrant/.gradle/wrapper/dists/gradle-4.1-bin/c3kp51zwwt108wc78u68yt7vs/gradle-4.1/lib/native-platform-osx-amd64-0.14.jar
7f12cf565000-7f12cf566000 r--s 00003000 08:01 267064                     /home/vagrant/.gradle/wrapper/dists/gradle-4.1-bin/c3kp51zwwt108wc78u68yt7vs/gradle-4.1/lib/native-platform-osx-i386-0.14.jar
7f12cf566000-7f12cf568000 r--s 0000b000 08:01 267065                     /home/vagrant/.gradle/wrapper/dists/gradle-4.1-bin/c3kp51zwwt108wc78u68yt7vs/gradle-4.1/lib/native-platform-windows-amd64-0.14.jar
7f12cf568000-7f12cf569000 r--s 0000b000 08:01 267066                     /home/vagrant/.gradle/wrapper/dists/gradle-4.1-bin/c3kp51zwwt108wc78u68yt7vs/gradle-4.1/lib/native-platform-windows-i386-0.14.jar
7f12cf569000-7f12cf56a000 r--s 00001000 08:01 267067                     /home/vagrant/.gradle/wrapper/dists/gradle-4.1-bin/c3kp51zwwt108wc78u68yt7vs/gradle-4.1/lib/native-platform-linux-amd64-ncurses5-0.14.jar
7f12cf56a000-7f12cf56b000 r--s 00001000 08:01 267068                     /home/vagrant/.gradle/wrapper/dists/gradle-4.1-bin/c3kp51zwwt108wc78u68yt7vs/gradle-4.1/lib/native-platform-linux-amd64-ncurses6-0.14.jar
7f12cf56b000-7f12cf56c000 r--s 00001000 08:01 267069                     /home/vagrant/.gradle/wrapper/dists/gradle-4.1-bin/c3kp51zwwt108wc78u68yt7vs/gradle-4.1/lib/native-platform-linux-i386-ncurses5-0.14.jar
7f12cf56c000-7f12cf570000 r--s 00012000 08:01 267053                     /home/vagrant/.gradle/wrapper/dists/gradle-4.1-bin/c3kp51zwwt108wc78u68yt7vs/gradle-4.1/lib/native-platform-0.14.jar
7f12cf570000-7f12cf573000 r--s 0000c000 08:01 267030                     /home/vagrant/.gradle/wrapper/dists/gradle-4.1-bin/c3kp51zwwt108wc78u68yt7vs/gradle-4.1/lib/gradle-native-4.1.jar
7f12cf573000-7f12cf575000 r--s 0000f000 08:01 267038                     /home/vagrant/.gradle/wrapper/dists/gradle-4.1-bin/c3kp51zwwt108wc78u68yt7vs/gradle-4.1/lib/reflectasm-1.07-shaded.jar
7f12cf575000-7f12cf577000 r--s 00000000 08:01 267071                     /home/vagrant/.gradle/wrapper/dists/gradle-4.1-bin/c3kp51zwwt108wc78u68yt7vs/gradle-4.1/lib/minlog-1.2.jar
7f12cf577000-7f12cf579000 r--s 00007000 08:01 267072                     /home/vagrant/.gradle/wrapper/dists/gradle-4.1-bin/c3kp51zwwt108wc78u68yt7vs/gradle-4.1/lib/objenesis-1.2.jar
7f12cf579000-7f12cf57d000 r--s 00026000 08:01 267037                     /home/vagrant/.gradle/wrapper/dists/gradle-4.1-bin/c3kp51zwwt108wc78u68yt7vs/gradle-4.1/lib/kryo-2.20.jar
7f12cf57d000-7f12cf583000 r--s 0002b000 08:01 267034                     /home/vagrant/.gradle/wrapper/dists/gradle-4.1-bin/c3kp51zwwt108wc78u68yt7vs/gradle-4.1/lib/gradle-messaging-4.1.jar
7f12cf583000-7f12cf585000 r--s 00006000 08:01 267028                     /home/vagrant/.gradle/wrapper/dists/gradle-4.1-bin/c3kp51zwwt108wc78u68yt7vs/gradle-4.1/lib/gradle-process-services-4.1.jar
7f12cf585000-7f12cf58a000 r--s 00041000 08:01 267047                     /home/vagrant/.gradle/wrapper/dists/gradle-4.1-bin/c3kp51zwwt108wc78u68yt7vs/gradle-4.1/lib/commons-lang-2.6.jar
7f12cf58a000-7f12cf5b2000 r--s 001cf000 08:01 267045                     /home/vagrant/.gradle/wrapper/dists/gradle-4.1-bin/c3kp51zwwt108wc78u68yt7vs/gradle-4.1/lib/guava-jdk5-17.0.jar
7f12cf5b2000-7f12cf5ba000 r--s 000bd000 08:01 267039                     /home/vagrant/.gradle/wrapper/dists/gradle-4.1-bin/c3kp51zwwt108wc78u68yt7vs/gradle-4.1/lib/asm-debug-all-6.0_ALPHA.jar
7f12cf5ba000-7f12cf5d9000 r--s 001d1000 08:01 267050                     /home/vagrant/.gradle/wrapper/dists/gradle-4.1-bin/c3kp51zwwt108wc78u68yt7vs/gradle-4.1/lib/ant-1.9.6.jar
7f12cf5d9000-7f12cf5e5000 r--s 00053000 08:01 267035                     /home/vagrant/.gradle/wrapper/dists/gradle-4.1-bin/c3kp51zwwt108wc78u68yt7vs/gradle-4.1/lib/gradle-base-services-4.1.jar
7f12cf5e5000-7f12cf62f000 r--s 00253000 08:01 267025                     /home/vagrant/.gradle/wrapper/dists/gradle-4.1-bin/c3kp51zwwt108wc78u68yt7vs/gradle-4.1/lib/gradle-core-4.1.jar
7f12cf62f000-7f12cf63b000 r--s 0005c000 08:01 267020                     /home/vagrant/.gradle/wrapper/dists/gradle-4.1-bin/c3kp51zwwt108wc78u68yt7vs/gradle-4.1/lib/gradle-launcher-4.1.jar
7f12cf63b000-7f12cf645000 r--s 00116000 08:01 260612                     /usr/lib/jvm/java-8-openjdk-amd64/jre/lib/ext/localedata.jar
7f12cf645000-7f12cf660000 r--s 001d6000 08:01 260620                     /usr/lib/jvm/java-8-openjdk-amd64/jre/lib/ext/nashorn.jar
7f12cf660000-7f12cf661000 ---p 00000000 00:00 0 
7f12cf661000-7f12cf761000 rw-p 00000000 00:00 0 
7f12cf761000-7f12cf764000 ---p 00000000 00:00 0 
7f12cf764000-7f12cf862000 rw-p 00000000 00:00 0 
7f12cf862000-7f12cf865000 ---p 00000000 00:00 0 
7f12cf865000-7f12cf963000 rw-p 00000000 00:00 0 
7f12cf963000-7f12cf966000 ---p 00000000 00:00 0 
7f12cf966000-7f12cfa64000 rw-p 00000000 00:00 0 
7f12cfa64000-7f12cfa67000 ---p 00000000 00:00 0 
7f12cfa67000-7f12cfb65000 rw-p 00000000 00:00 0 
7f12cfb65000-7f12cfb68000 ---p 00000000 00:00 0 
7f12cfb68000-7f12cfc66000 rw-p 00000000 00:00 0 
7f12cfc66000-7f12cfdfe000 r--p 00000000 08:01 28996                      /usr/lib/locale/locale-archive
7f12cfdfe000-7f12cfe01000 ---p 00000000 00:00 0 
7f12cfe01000-7f12cfeff000 rw-p 00000000 00:00 0 
7f12cfeff000-7f12cff02000 ---p 00000000 00:00 0 
7f12cff02000-7f12d0000000 rw-p 00000000 00:00 0 
7f12d0000000-7f12d0071000 rw-p 00000000 00:00 0 
7f12d0071000-7f12d4000000 ---p 00000000 00:00 0 
7f12d4000000-7f12d4037000 rw-p 00000000 00:00 0 
7f12d4037000-7f12d8000000 ---p 00000000 00:00 0 
7f12d8000000-7f12d80ce000 rw-p 00000000 00:00 0 
7f12d80ce000-7f12dc000000 ---p 00000000 00:00 0 
7f12dc000000-7f12dc001000 r--s 00001000 08:01 267070                     /home/vagrant/.gradle/wrapper/dists/gradle-4.1-bin/c3kp51zwwt108wc78u68yt7vs/gradle-4.1/lib/native-platform-linux-i386-ncurses6-0.14.jar
7f12dc001000-7f12dc003000 r--s 00000000 08:01 267026                     /home/vagrant/.gradle/wrapper/dists/gradle-4.1-bin/c3kp51zwwt108wc78u68yt7vs/gradle-4.1/lib/gradle-jvm-services-4.1.jar
7f12dc003000-7f12dc004000 r--s 00000000 08:01 267048                     /home/vagrant/.gradle/wrapper/dists/gradle-4.1-bin/c3kp51zwwt108wc78u68yt7vs/gradle-4.1/lib/jcip-annotations-1.0.jar
7f12dc004000-7f12dc007000 r--s 00006000 08:01 267046                     /home/vagrant/.gradle/wrapper/dists/gradle-4.1-bin/c3kp51zwwt108wc78u68yt7vs/gradle-4.1/lib/jsr305-1.3.9.jar
7f12dc007000-7f12dc022000 r--s 00394000 08:01 260618                     /usr/lib/jvm/java-8-openjdk-amd64/jre/lib/ext/cldrdata.jar
7f12dc022000-7f12dc023000 ---p 00000000 00:00 0 
7f12dc023000-7f12dd0d7000 rw-p 00000000 00:00 0 
7f12dd0d7000-7f12dd2a5000 r--s 03c2c000 08:01 260643                     /usr/lib/jvm/java-8-openjdk-amd64/jre/lib/rt.jar
7f12dd2a5000-7f12dfca5000 rw-p 00000000 00:00 0 
7f12dfca5000-7f12dfca6000 ---p 00000000 00:00 0 
7f12dfca6000-7f12dfda6000 rw-p 00000000 00:00 0 
7f12dfda6000-7f12dfda7000 ---p 00000000 00:00 0 
7f12dfda7000-7f12dfea7000 rw-p 00000000 00:00 0 
7f12dfea7000-7f12dfea8000 ---p 00000000 00:00 0 
7f12dfea8000-7f12dffa8000 rw-p 00000000 00:00 0 
7f12dffa8000-7f12dffa9000 ---p 00000000 00:00 0 
7f12dffa9000-7f12e00c5000 rw-p 00000000 00:00 0 
7f12e00c5000-7f12e01ff000 ---p 00000000 00:00 0 
7f12e01ff000-7f12e021b000 rw-p 00000000 00:00 0 
7f12e021b000-7f12e0354000 ---p 00000000 00:00 0 
7f12e0354000-7f12e03a5000 rw-p 00000000 00:00 0 
7f12e03a5000-7f12e03ff000 ---p 00000000 00:00 0 
7f12e03ff000-7f12e048e000 rw-p 00000000 00:00 0 
7f12e048e000-7f12e07c0000 ---p 00000000 00:00 0 
7f12e07c0000-7f12e2b10000 rwxp 00000000 00:00 0 
7f12e2b10000-7f12ef7c0000 ---p 00000000 00:00 0 
7f12ef7c0000-7f12ef7c8000 r-xp 00000000 08:01 260658                     /usr/lib/jvm/java-8-openjdk-amd64/jre/lib/amd64/libzip.so
7f12ef7c8000-7f12ef9c7000 ---p 00008000 08:01 260658                     /usr/lib/jvm/java-8-openjdk-amd64/jre/lib/amd64/libzip.so
7f12ef9c7000-7f12ef9c8000 r--p 00007000 08:01 260658                     /usr/lib/jvm/java-8-openjdk-amd64/jre/lib/amd64/libzip.so
7f12ef9c8000-7f12ef9c9000 rw-p 00008000 08:01 260658                     /usr/lib/jvm/java-8-openjdk-amd64/jre/lib/amd64/libzip.so
7f12ef9c9000-7f12ef9d4000 r-xp 00000000 08:01 1986                       /lib/x86_64-linux-gnu/libnss_files-2.23.so
7f12ef9d4000-7f12efbd3000 ---p 0000b000 08:01 1986                       /lib/x86_64-linux-gnu/libnss_files-2.23.so
7f12efbd3000-7f12efbd4000 r--p 0000a000 08:01 1986                       /lib/x86_64-linux-gnu/libnss_files-2.23.so
7f12efbd4000-7f12efbd5000 rw-p 0000b000 08:01 1986                       /lib/x86_64-linux-gnu/libnss_files-2.23.so
7f12efbd5000-7f12efbdb000 rw-p 00000000 00:00 0 
7f12efbdb000-7f12efbe6000 r-xp 00000000 08:01 1990                       /lib/x86_64-linux-gnu/libnss_nis-2.23.so
7f12efbe6000-7f12efde5000 ---p 0000b000 08:01 1990                       /lib/x86_64-linux-gnu/libnss_nis-2.23.so
7f12efde5000-7f12efde6000 r--p 0000a000 08:01 1990                       /lib/x86_64-linux-gnu/libnss_nis-2.23.so
7f12efde6000-7f12efde7000 rw-p 0000b000 08:01 1990                       /lib/x86_64-linux-gnu/libnss_nis-2.23.so
7f12efde7000-7f12efdfd000 r-xp 00000000 08:01 1963                       /lib/x86_64-linux-gnu/libnsl-2.23.so
7f12efdfd000-7f12efffc000 ---p 00016000 08:01 1963                       /lib/x86_64-linux-gnu/libnsl-2.23.so
7f12efffc000-7f12efffd000 r--p 00015000 08:01 1963                       /lib/x86_64-linux-gnu/libnsl-2.23.so
7f12efffd000-7f12efffe000 rw-p 00016000 08:01 1963                       /lib/x86_64-linux-gnu/libnsl-2.23.so
7f12efffe000-7f12f0000000 rw-p 00000000 00:00 0 
7f12f0000000-7f12f0cf5000 rw-p 00000000 00:00 0 
7f12f0cf5000-7f12f4000000 ---p 00000000 00:00 0 
7f12f4000000-7f12f4001000 r--s 00007000 08:01 267044                     /home/vagrant/.gradle/wrapper/dists/gradle-4.1-bin/c3kp51zwwt108wc78u68yt7vs/gradle-4.1/lib/slf4j-api-1.7.10.jar
7f12f4001000-7f12f4005000 r--s 00027000 08:01 267040                     /home/vagrant/.gradle/wrapper/dists/gradle-4.1-bin/c3kp51zwwt108wc78u68yt7vs/gradle-4.1/lib/commons-io-2.2.jar
7f12f4005000-7f12f4008000 r--s 0000f000 08:01 260613                     /usr/lib/jvm/java-8-openjdk-amd64/jre/lib/ext/icedtea-sound.jar
7f12f4008000-7f12f400d000 r--s 0003b000 08:01 260614                     /usr/lib/jvm/java-8-openjdk-amd64/jre/lib/ext/sunjce_provider.jar
7f12f400d000-7f12f4083000 rw-p 00000000 00:00 0 
7f12f4083000-7f12f408b000 r-xp 00000000 08:01 1978                       /lib/x86_64-linux-gnu/libnss_compat-2.23.so
7f12f408b000-7f12f428a000 ---p 00008000 08:01 1978                       /lib/x86_64-linux-gnu/libnss_compat-2.23.so
7f12f428a000-7f12f428b000 r--p 00007000 08:01 1978                       /lib/x86_64-linux-gnu/libnss_compat-2.23.so
7f12f428b000-7f12f428c000 rw-p 00008000 08:01 1978                       /lib/x86_64-linux-gnu/libnss_compat-2.23.so
7f12f428c000-7f12f42b9000 r-xp 00000000 08:01 260661                     /usr/lib/jvm/java-8-openjdk-amd64/jre/lib/amd64/libjava.so
7f12f42b9000-7f12f44b8000 ---p 0002d000 08:01 260661                     /usr/lib/jvm/java-8-openjdk-amd64/jre/lib/amd64/libjava.so
7f12f44b8000-7f12f44b9000 r--p 0002c000 08:01 260661                     /usr/lib/jvm/java-8-openjdk-amd64/jre/lib/amd64/libjava.so
7f12f44b9000-7f12f44bb000 rw-p 0002d000 08:01 260661                     /usr/lib/jvm/java-8-openjdk-amd64/jre/lib/amd64/libjava.so
7f12f44bb000-7f12f44ca000 r-xp 00000000 08:01 260671                     /usr/lib/jvm/java-8-openjdk-amd64/jre/lib/amd64/libverify.so
7f12f44ca000-7f12f46c9000 ---p 0000f000 08:01 260671                     /usr/lib/jvm/java-8-openjdk-amd64/jre/lib/amd64/libverify.so
7f12f46c9000-7f12f46cb000 r--p 0000e000 08:01 260671                     /usr/lib/jvm/java-8-openjdk-amd64/jre/lib/amd64/libverify.so
7f12f46cb000-7f12f46cc000 rw-p 00010000 08:01 260671                     /usr/lib/jvm/java-8-openjdk-amd64/jre/lib/amd64/libverify.so
7f12f46cc000-7f12f46d3000 r-xp 00000000 08:01 1991                       /lib/x86_64-linux-gnu/librt-2.23.so
7f12f46d3000-7f12f48d2000 ---p 00007000 08:01 1991                       /lib/x86_64-linux-gnu/librt-2.23.so
7f12f48d2000-7f12f48d3000 r--p 00006000 08:01 1991                       /lib/x86_64-linux-gnu/librt-2.23.so
7f12f48d3000-7f12f48d4000 rw-p 00007000 08:01 1991                       /lib/x86_64-linux-gnu/librt-2.23.so
7f12f48d4000-7f12f48ea000 r-xp 00000000 08:01 1960                       /lib/x86_64-linux-gnu/libgcc_s.so.1
7f12f48ea000-7f12f4ae9000 ---p 00016000 08:01 1960                       /lib/x86_64-linux-gnu/libgcc_s.so.1
7f12f4ae9000-7f12f4aea000 rw-p 00015000 08:01 1960                       /lib/x86_64-linux-gnu/libgcc_s.so.1
7f12f4aea000-7f12f4bf2000 r-xp 00000000 08:01 1962                       /lib/x86_64-linux-gnu/libm-2.23.so
7f12f4bf2000-7f12f4df1000 ---p 00108000 08:01 1962                       /lib/x86_64-linux-gnu/libm-2.23.so
7f12f4df1000-7f12f4df2000 r--p 00107000 08:01 1962                       /lib/x86_64-linux-gnu/libm-2.23.so
7f12f4df2000-7f12f4df3000 rw-p 00108000 08:01 1962                       /lib/x86_64-linux-gnu/libm-2.23.so
7f12f4df3000-7f12f4f65000 r-xp 00000000 08:01 25782                      /usr/lib/x86_64-linux-gnu/libstdc++.so.6.0.21
7f12f4f65000-7f12f5165000 ---p 00172000 08:01 25782                      /usr/lib/x86_64-linux-gnu/libstdc++.so.6.0.21
7f12f5165000-7f12f516f000 r--p 00172000 08:01 25782                      /usr/lib/x86_64-linux-gnu/libstdc++.so.6.0.21
7f12f516f000-7f12f5171000 rw-p 0017c000 08:01 25782                      /usr/lib/x86_64-linux-gnu/libstdc++.so.6.0.21
7f12f5171000-7f12f5175000 rw-p 00000000 00:00 0 
7f12f5175000-7f12f5dcd000 r-xp 00000000 08:01 260656                     /usr/lib/jvm/java-8-openjdk-amd64/jre/lib/amd64/server/libjvm.so
7f12f5dcd000-7f12f5fcd000 ---p 00c58000 08:01 260656                     /usr/lib/jvm/java-8-openjdk-amd64/jre/lib/amd64/server/libjvm.so
7f12f5fcd000-7f12f6060000 r--p 00c58000 08:01 260656                     /usr/lib/jvm/java-8-openjdk-amd64/jre/lib/amd64/server/libjvm.so
7f12f6060000-7f12f6089000 rw-p 00ceb000 08:01 260656                     /usr/lib/jvm/java-8-openjdk-amd64/jre/lib/amd64/server/libjvm.so
7f12f6089000-7f12f60b9000 rw-p 00000000 00:00 0 
7f12f60b9000-7f12f60d1000 r-xp 00000000 08:01 1965                       /lib/x86_64-linux-gnu/libpthread-2.23.so
7f12f60d1000-7f12f62d0000 ---p 00018000 08:01 1965                       /lib/x86_64-linux-gnu/libpthread-2.23.so
7f12f62d0000-7f12f62d1000 r--p 00017000 08:01 1965                       /lib/x86_64-linux-gnu/libpthread-2.23.so
7f12f62d1000-7f12f62d2000 rw-p 00018000 08:01 1965                       /lib/x86_64-linux-gnu/libpthread-2.23.so
7f12f62d2000-7f12f62d6000 rw-p 00000000 00:00 0 
7f12f62d6000-7f12f62d9000 r-xp 00000000 08:01 1968                       /lib/x86_64-linux-gnu/libdl-2.23.so
7f12f62d9000-7f12f64d8000 ---p 00003000 08:01 1968                       /lib/x86_64-linux-gnu/libdl-2.23.so
7f12f64d8000-7f12f64d9000 r--p 00002000 08:01 1968                       /lib/x86_64-linux-gnu/libdl-2.23.so
7f12f64d9000-7f12f64da000 rw-p 00003000 08:01 1968                       /lib/x86_64-linux-gnu/libdl-2.23.so
7f12f64da000-7f12f64f3000 r-xp 00000000 08:01 2117                       /lib/x86_64-linux-gnu/libz.so.1.2.8
7f12f64f3000-7f12f66f2000 ---p 00019000 08:01 2117                       /lib/x86_64-linux-gnu/libz.so.1.2.8
7f12f66f2000-7f12f66f3000 r--p 00018000 08:01 2117                       /lib/x86_64-linux-gnu/libz.so.1.2.8
7f12f66f3000-7f12f66f4000 rw-p 00019000 08:01 2117                       /lib/x86_64-linux-gnu/libz.so.1.2.8
7f12f66f4000-7f12f68b4000 r-xp 00000000 08:01 1966                       /lib/x86_64-linux-gnu/libc-2.23.so
7f12f68b4000-7f12f6ab4000 ---p 001c0000 08:01 1966                       /lib/x86_64-linux-gnu/libc-2.23.so
7f12f6ab4000-7f12f6ab8000 r--p 001c0000 08:01 1966                       /lib/x86_64-linux-gnu/libc-2.23.so
7f12f6ab8000-7f12f6aba000 rw-p 001c4000 08:01 1966                       /lib/x86_64-linux-gnu/libc-2.23.so
7f12f6aba000-7f12f6abe000 rw-p 00000000 00:00 0 
7f12f6abe000-7f12f6acb000 r-xp 00000000 08:01 260667                     /usr/lib/jvm/java-8-openjdk-amd64/jre/lib/amd64/jli/libjli.so
7f12f6acb000-7f12f6ccb000 ---p 0000d000 08:01 260667                     /usr/lib/jvm/java-8-openjdk-amd64/jre/lib/amd64/jli/libjli.so
7f12f6ccb000-7f12f6ccc000 r--p 0000d000 08:01 260667                     /usr/lib/jvm/java-8-openjdk-amd64/jre/lib/amd64/jli/libjli.so
7f12f6ccc000-7f12f6ccd000 rw-p 0000e000 08:01 260667                     /usr/lib/jvm/java-8-openjdk-amd64/jre/lib/amd64/jli/libjli.so
7f12f6ccd000-7f12f6cf3000 r-xp 00000000 08:01 1964                       /lib/x86_64-linux-gnu/ld-2.23.so
7f12f6cf3000-7f12f6cf4000 r--s 00004000 08:01 267056                     /home/vagrant/.gradle/wrapper/dists/gradle-4.1-bin/c3kp51zwwt108wc78u68yt7vs/gradle-4.1/lib/ant-launcher-1.9.6.jar
7f12f6cf4000-7f12f6cf7000 r--s 00038000 08:01 260611                     /usr/lib/jvm/java-8-openjdk-amd64/jre/lib/ext/sunpkcs11.jar
7f12f6cf7000-7f12f6ddc000 rw-p 00000000 00:00 0 
7f12f6ddc000-7f12f6de4000 rw-s 00000000 08:01 1558271                    /tmp/hsperfdata_vagrant/7363
7f12f6de4000-7f12f6de7000 ---p 00000000 00:00 0 
7f12f6de7000-7f12f6ee9000 rw-p 00000000 00:00 0 
7f12f6ee9000-7f12f6eea000 r--s 0000a000 08:01 260615                     /usr/lib/jvm/java-8-openjdk-amd64/jre/lib/ext/jaccess.jar
7f12f6eea000-7f12f6eec000 r--s 00001000 08:01 260617                     /usr/lib/jvm/java-8-openjdk-amd64/jre/lib/ext/dnsns.jar
7f12f6eec000-7f12f6eed000 r--s 00010000 08:01 260619                     /usr/lib/jvm/java-8-openjdk-amd64/jre/lib/ext/zipfs.jar
7f12f6eed000-7f12f6eef000 r--s 00008000 08:01 260616                     /usr/lib/jvm/java-8-openjdk-amd64/jre/lib/ext/sunec.jar
7f12f6eef000-7f12f6ef0000 rw-p 00000000 00:00 0 
7f12f6ef0000-7f12f6ef1000 ---p 00000000 00:00 0 
7f12f6ef1000-7f12f6ef2000 rw-p 00000000 00:00 0 
7f12f6ef2000-7f12f6ef3000 r--p 00025000 08:01 1964                       /lib/x86_64-linux-gnu/ld-2.23.so
7f12f6ef3000-7f12f6ef4000 rw-p 00026000 08:01 1964                       /lib/x86_64-linux-gnu/ld-2.23.so
7f12f6ef4000-7f12f6ef5000 rw-p 00000000 00:00 0 
7ffc44323000-7ffc44344000 rw-p 00000000 00:00 0                          [stack]
7ffc4438c000-7ffc4438f000 r--p 00000000 00:00 0                          [vvar]
7ffc4438f000-7ffc44391000 r-xp 00000000 00:00 0                          [vdso]
ffffffffff600000-ffffffffff601000 r-xp 00000000 00:00 0                  [vsyscall]

VM Arguments:
jvm_args: -XX:+HeapDumpOnOutOfMemoryError -Xmx1024m -Dfile.encoding=US-ASCII -Duser.country=US -Duser.language=en -Duser.variant 
java_command: org.gradle.launcher.daemon.bootstrap.GradleDaemon 4.1
java_class_path (initial): /home/vagrant/.gradle/wrapper/dists/gradle-4.1-bin/c3kp51zwwt108wc78u68yt7vs/gradle-4.1/lib/gradle-launcher-4.1.jar
Launcher Type: SUN_STANDARD

Environment Variables:
PATH=/home/vagrant/bin:/home/vagrant/.local/bin:/usr/local/sbin:/usr/local/bin:/usr/sbin:/usr/bin:/sbin:/bin:/snap/bin:/home/vagrant/bin:/home/vagrant/openwhisk/tools/build:/home/vagrant/openwhisk/bin
SHELL=/bin/bash

Signal Handlers:
SIGSEGV: [libjvm.so+0xa6dcc0], sa_mask[0]=11111111011111111101111111111110, sa_flags=SA_RESTART|SA_SIGINFO
SIGBUS: [libjvm.so+0xa6dcc0], sa_mask[0]=11111111011111111101111111111110, sa_flags=SA_RESTART|SA_SIGINFO
SIGFPE: [libjvm.so+0x8b5350], sa_mask[0]=11111111011111111101111111111110, sa_flags=SA_RESTART|SA_SIGINFO
SIGPIPE: [libjvm.so+0x8b5350], sa_mask[0]=11111111011111111101111111111110, sa_flags=SA_RESTART|SA_SIGINFO
SIGXFSZ: [libjvm.so+0x8b5350], sa_mask[0]=11111111011111111101111111111110, sa_flags=SA_RESTART|SA_SIGINFO
SIGILL: [libjvm.so+0x8b5350], sa_mask[0]=11111111011111111101111111111110, sa_flags=SA_RESTART|SA_SIGINFO
SIGUSR1: SIG_DFL, sa_mask[0]=00000000000000000000000000000000, sa_flags=none
SIGUSR2: [libjvm.so+0x8b5200], sa_mask[0]=00100000000000000000000000000000, sa_flags=SA_RESTART|SA_SIGINFO
SIGHUP: [libjvm.so+0x8b56d0], sa_mask[0]=11111111011111111101111111111110, sa_flags=SA_RESTART|SA_SIGINFO
SIGINT: [libjvm.so+0x8b56d0], sa_mask[0]=11111111011111111101111111111110, sa_flags=SA_RESTART|SA_SIGINFO
SIGTERM: [libjvm.so+0x8b56d0], sa_mask[0]=11111111011111111101111111111110, sa_flags=SA_RESTART|SA_SIGINFO
SIGQUIT: [libjvm.so+0x8b56d0], sa_mask[0]=11111111011111111101111111111110, sa_flags=SA_RESTART|SA_SIGINFO


---------------  S Y S T E M  ---------------

OS:DISTRIB_ID=Ubuntu
DISTRIB_RELEASE=16.04
DISTRIB_CODENAME=xenial
DISTRIB_DESCRIPTION="Ubuntu 16.04.4 LTS"

uname:Linux 4.4.0-121-generic #145-Ubuntu SMP Fri Apr 13 13:47:23 UTC 2018 x86_64
libc:glibc 2.23 NPTL 2.23 
rlimit: STACK 8192k, CORE 0k, NPROC 15749, NOFILE 1048576, AS infinity
load average:0.33 0.47 0.59

/proc/meminfo:
MemTotal:        4046100 kB
MemFree:          914320 kB
MemAvailable:    1603932 kB
Buffers:           69000 kB
Cached:           809032 kB
SwapCached:         4980 kB
Active:          2277436 kB
Inactive:         704448 kB
Active(anon):    1699268 kB
Inactive(anon):   414280 kB
Active(file):     578168 kB
Inactive(file):   290168 kB
Unevictable:        3652 kB
Mlocked:            3652 kB
SwapTotal:       1256432 kB
SwapFree:        1246216 kB
Dirty:               528 kB
Writeback:             0 kB
AnonPages:       2102536 kB
Mapped:           212160 kB
Shmem:              7264 kB
Slab:              90032 kB
SReclaimable:      48800 kB
SUnreclaim:        41232 kB
KernelStack:       11216 kB
PageTables:        14392 kB
NFS_Unstable:          0 kB
Bounce:                0 kB
WritebackTmp:          0 kB
CommitLimit:     3279480 kB
Committed_AS:    5002200 kB
VmallocTotal:   34359738367 kB
VmallocUsed:           0 kB
VmallocChunk:          0 kB
HardwareCorrupted:     0 kB
AnonHugePages:         0 kB
CmaTotal:              0 kB
CmaFree:               0 kB
HugePages_Total:       0
HugePages_Free:        0
HugePages_Rsvd:        0
HugePages_Surp:        0
Hugepagesize:       2048 kB
DirectMap4k:      112576 kB
DirectMap2M:     4081664 kB


CPU:total 4 (initial active 4) (4 cores per cpu, 1 threads per core) family 6 model 58 stepping 9, cmov, cx8, fxsr, mmx, sse, sse2, sse3, ssse3, sse4.1, sse4.2, popcnt, avx, aes, clmul, tsc, tscinvbit, tscinv

/proc/cpuinfo:
processor	: 0
vendor_id	: GenuineIntel
cpu family	: 6
model		: 58
model name	: Intel(R) Core(TM) i5-3337U CPU @ 1.80GHz
stepping	: 9
microcode	: 0x19
cpu MHz		: 1795.889
cache size	: 3072 KB
physical id	: 0
siblings	: 4
core id		: 0
cpu cores	: 4
apicid		: 0
initial apicid	: 0
fpu		: yes
fpu_exception	: yes
cpuid level	: 13
wp		: yes
flags		: fpu vme de pse tsc msr pae mce cx8 apic sep mtrr pge mca cmov pat pse36 clflush mmx fxsr sse sse2 ht syscall nx rdtscp lm constant_tsc rep_good nopl xtopology nonstop_tsc pni pclmulqdq ssse3 cx16 pcid sse4_1 sse4_2 x2apic popcnt aes xsave avx rdrand hypervisor lahf_lm retpoline kaiser fsgsbase
bugs		: cpu_meltdown spectre_v1 spectre_v2
bogomips	: 3591.77
clflush size	: 64
cache_alignment	: 64
address sizes	: 36 bits physical, 48 bits virtual
power management:

processor	: 1
vendor_id	: GenuineIntel
cpu family	: 6
model		: 58
model name	: Intel(R) Core(TM) i5-3337U CPU @ 1.80GHz
stepping	: 9
microcode	: 0x19
cpu MHz		: 1795.889
cache size	: 3072 KB
physical id	: 0
siblings	: 4
core id		: 1
cpu cores	: 4
apicid		: 1
initial apicid	: 1
fpu		: yes
fpu_exception	: yes
cpuid level	: 13
wp		: yes
flags		: fpu vme de pse tsc msr pae mce cx8 apic sep mtrr pge mca cmov pat pse36 clflush mmx fxsr sse sse2 ht syscall nx rdtscp lm constant_tsc rep_good nopl xtopology nonstop_tsc pni pclmulqdq ssse3 cx16 pcid sse4_1 sse4_2 x2apic popcnt aes xsave avx rdrand hypervisor lahf_lm retpoline kaiser fsgsbase
bugs		: cpu_meltdown spectre_v1 spectre_v2
bogomips	: 3591.77
clflush size	: 64
cache_alignment	: 64
address sizes	: 36 bits physical, 48 bits virtual
power management:

processor	: 2
vendor_id	: GenuineIntel
cpu family	: 6
model		: 58
model name	: Intel(R) Core(TM) i5-3337U CPU @ 1.80GHz
stepping	: 9
microcode	: 0x19
cpu MHz		: 1795.889
cache size	: 3072 KB
physical id	: 0
siblings	: 4
core id		: 2
cpu cores	: 4
apicid		: 2
initial apicid	: 2
fpu		: yes
fpu_exception	: yes
cpuid level	: 13
wp		: yes
flags		: fpu vme de pse tsc msr pae mce cx8 apic sep mtrr pge mca cmov pat pse36 clflush mmx fxsr sse sse2 ht syscall nx rdtscp lm constant_tsc rep_good nopl xtopology nonstop_tsc pni pclmulqdq ssse3 cx16 pcid sse4_1 sse4_2 x2apic popcnt aes xsave avx rdrand hypervisor lahf_lm retpoline kaiser fsgsbase
bugs		: cpu_meltdown spectre_v1 spectre_v2
bogomips	: 3591.77
clflush size	: 64
cache_alignment	: 64
address sizes	: 36 bits physical, 48 bits virtual
power management:

processor	: 3
vendor_id	: GenuineIntel
cpu family	: 6
model		: 58
model name	: Intel(R) Core(TM) i5-3337U CPU @ 1.80GHz
stepping	: 9
microcode	: 0x19
cpu MHz		: 1795.889
cache size	: 3072 KB
physical id	: 0
siblings	: 4
core id		: 3
cpu cores	: 4
apicid		: 3
initial apicid	: 3
fpu		: yes
fpu_exception	: yes
cpuid level	: 13
wp		: yes
flags		: fpu vme de pse tsc msr pae mce cx8 apic sep mtrr pge mca cmov pat pse36 clflush mmx fxsr sse sse2 ht syscall nx rdtscp lm constant_tsc rep_good nopl xtopology nonstop_tsc pni pclmulqdq ssse3 cx16 pcid sse4_1 sse4_2 x2apic popcnt aes xsave avx rdrand hypervisor lahf_lm retpoline kaiser fsgsbase
bugs		: cpu_meltdown spectre_v1 spectre_v2
bogomips	: 3591.77
clflush size	: 64
cache_alignment	: 64
address sizes	: 36 bits physical, 48 bits virtual
power management:



Memory: 4k page, physical 4046100k(914320k free), swap 1256432k(1246216k free)

vm_info: OpenJDK 64-Bit Server VM (25.162-b12) for linux-amd64 JRE (1.8.0_162-8u162-b12-0ubuntu0.16.04.2-b12), built on Mar 14 2018 12:11:18 by "buildd" with gcc 5.4.0 20160609

time: Mon May  7 01:23:27 2018
elapsed time: 19254 seconds (0d 5h 20m 54s)

